0  4301424540.570762  83989.57564521476  4301508530.146407
1  3714353225.837501  506318.3861826386  3714859544.223684
2  3213087638.5953913  580103.3831615282  3213667741.978553
3  2784928867.7625694  621704.8241935926  2785550572.586763
4  2418022474.057805  643365.7716774747  2418665839.8294826
5  2104595288.3037274  659441.5666155821  2105254729.870343
6  1833983633.0040941  663662.8133798379  1834647295.817474
7  1601454471.8083842  734024.0941956452  1602188495.9025798
8  1401156325.6019924  748988.2562632746  1401905313.8582556
9  1227352596.7524674  766025.3220113349  1228118622.0744786
10  1077239789.0060306  834430.407046462  1078074219.413077
11  946856295.3880801  875543.7808843844  947731839.1689645
12  833507944.973879  942731.7358645642  834450676.7097435
13  734923753.7385637  952272.986616107  735876026.7251798
14  648780230.4926037  959273.1527517138  649739503.6453553
15  573746918.248465  964917.4657742566  574711835.7142392
16  508751338.6813031  967998.696057548  509719337.37736064
17  222475352844.3989  970916.7802660264  222476323761.17917
18  196373778337.50668  1026041.3557880733  196374804378.86246
19  151792621709.943  1038536.8571230611  151793660246.8001
20  246974566.6596587  1056867.7475458956  248031434.4072046
21  230056465.86951506  1044892.933448953  231101358.802964
22  201793477.98777118  1073547.9196676353  202867025.9074388
23  80296823684.48825  1070925.4435682357  80297894609.93182
24  71293230899.08105  1049968.0924724953  71294280867.17352
25  55961507822.21017  1042742.5621359294  55962550564.7723
26  125039340.26001403  1046332.0098225198  126085672.26983654
27  377573807.04259527  1035034.3606802798  378608841.40327555
28  377182603.8973021  1044011.053186047  378226614.95048815
29  30368582634.57013  1046248.2319306321  30369628882.80206
30  27438382099.686848  1048099.6418741881  27439430199.32872
31  21855938811.275917  1046009.683893213  21856984820.959812
32  68172132.36141469  1053857.947133547  69225990.30854823
33  62588734.83702602  1050118.5969292514  63638853.433955275
34  52966562.200532705  1055048.0526829762  54021610.25321568
35  12186395307.984613  1057160.1372606691  12187452468.121874
36  11135721328.885265  1022819.7791749875  11136744148.66444
37  8990439116.63229  1019671.9821650765  8991458788.614454
38  36306365.24013931  998148.9643545878  37304514.2044939
39  33482369.462890085  1031524.5897449263  34513894.052635014
40  30771134.48825279  1043728.4698370738  31814862.958089862
41  5154642675.260064  1041471.9909421182  5155684147.251006
42  4741551414.185857  1013714.5786231905  4742565128.76448
43  3876873449.024411  1022997.4139335095  3877896446.4383445
44  19908373.634124  1025455.7177462507  20933829.35187025
45  18538467.574864317  1035442.2291685321  19573909.804032847
46  16684627.525256367  1003502.5284649543  17688130.053721324
47  32141955.09837153  1010383.3338334995  33152338.432205033
48  2039047442.2441149  1012873.3256297241  2040060315.5697446
49  1904955795.9314866  1017889.0297239703  1905973684.9612105
50  1565382273.0260468  1009732.8677561927  1566392005.893803
51  11743169.062897036  995432.2461721904  12738601.309069226
52  10683467.131068554  1010618.5479361387  11694085.679004692
53  22071789.522864982  1018369.6922572277  23090159.21512221
54  20699107.971009485  1025406.8981458652  21724514.86915535
55  19247756.88489998  1028957.3162342176  20276714.201134197
56  735195057.0883547  1022423.4368133242  736217480.5251681
57  689036003.1892706  1014443.1903288388  690050446.3795995
58  578286418.4364201  1039254.4071245998  579325672.8435447
59  6301021.629071177  1060613.883049207  7361635.512120384
60  14324780.244799722  1053507.822268721  15378288.067068443
61  13981177.05821971  1039763.4665718074  15020940.524791518
62  12698008.505225463  1005815.0995212173  13703823.60474668
63  4484815.98999709  984262.2392904889  5469078.229287579
64  4216007.968858445  979434.4001631632  5195442.3690216085
65  3857253.6439010594  966011.5901101714  4823265.234011231
66  3622181.8806034583  985382.9335518666  4607564.814155325
67  3375470.9603177398  975139.1788220694  4350610.139139809
68  193894061.4759438  966492.1571691459  194860553.63311294
69  182678453.3810599  975079.073428251  183653532.45448816
70  156266055.7758226  981770.7448879144  157247826.52071053
71  2512256.3184353258  981915.5741233194  3494171.892558645
72  2388147.5978162107  979433.0270790771  3367580.6248952877
73  2365289.072166828  953840.9310215899  3319130.0031884178
74  2235883.239187217  941391.7811139192  3177275.020301136
75  2089442.6575108669  931612.6268664566  3021055.2843773235
76  1930424.5094050218  942092.578933414  2872517.0883384356
77  11206765.380998071  954321.6565833834  12161087.037581455
78  10813253.750146301  967743.5569578098  11780997.30710411
79  4862533.762777039  1002837.079179764  5865370.841956803
80  1503947.0859229774  1007711.0917252027  2511658.17764818
81  1429229.2771736493  975568.4304460525  2404797.7076197015
82  1363982.4880184126  944381.3018466682  2308363.7898650807
83  1279526.3287906735  937621.8510889533  2217148.1798796267
84  1183635.2273077366  938724.6091423907  2122359.8364501274
85  1083138.953667072  938939.1165613321  2022078.0702284044
86  852453.5725342202  944847.9424934589  1797301.515027679
87  782349.729595387  948559.1011526654  1730908.8307480523
88  2782318.5881841285  945985.1357760136  3728303.723960142
89  2733724.636927241  943345.6661465839  3677070.303073825
90  2456607.4041663953  936571.1581153861  3393178.5622817813
91  524546.2399665315  934499.6833790346  1459045.9233455663
92  465637.70536167774  936674.2906382148  1402311.9959998925
93  404452.62116330594  942388.0203202625  1346840.6414835686
94  342848.8966507663  943719.4014892078  1286568.298139974
95  281441.22550588154  946709.9094230536  1228151.1349289352
96  12097956.380728694  952264.1025226219  13050220.483251315
97  11536375.801601607  954956.9229852913  12491332.724586898
98  10149186.494245  958337.0422721232  11107523.536517123
99  259757.23215200665  942766.9421985998  1202524.1743506065
100  321536.89871984906  935534.8913176644  1257071.7900375135
101  283041.12507266  934465.048962713  1217506.174035373
102  240329.60949565587  925115.2793927272  1165444.888888383
103  194137.9316055155  921425.3929176664  1115563.324523182
104  881869.653057238  919412.0517155544  1801281.7047727923
105  719063.5863944101  915867.1162141791  1634930.702608589
106  649570.7460963072  897968.4858145197  1547539.2319108269
107  555047.7746299889  906121.134176207  1461168.908806196
108  -104831.03843121318  899613.4773023874  794782.4388711741
109  -132526.4034766549  896259.6255433381  763733.2220666832
110  841594.6005259162  896262.5955450545  1737857.1960709707
111  842354.8184883406  894767.612740105  1737122.4312284456
112  778936.578566071  860003.2230946933  1638939.8016607643
113  669764.1983163473  875507.557056779  1545271.7553731264
114  552338.4418597172  889365.3574236663  1441703.7992833834
115  -382206.0903158099  891008.9059384746  508802.8156226647
116  -400793.6170906296  886506.4619912738  485712.8449006442
117  -419171.9398304775  879232.4038827218  460060.46405224426
118  -437256.9830303296  871736.1389358507  434479.1559055211
119  -455024.0352348915  864840.185885779  409816.15065088746
120  -472458.1243334098  858524.0336172859  386065.90928387607
121  -367276.3935790078  852587.6155212165  485311.2219422087
122  -373434.9591632195  848357.4740935282  474922.51493030874
123  -381727.36230439844  833569.2418771539  451841.8795727554
124  -392177.5963112087  824492.6716358573  432315.07532464864
125  -404700.51284924656  818092.8922352833  413392.3793860367
126  -419044.41100501333  813700.8005134247  394656.38950841135
127  -434507.75562797673  807615.4782811613  373107.72265318455
128  -450934.5739569755  803210.7329860565  352276.159029081
129  -468148.7867856593  800124.8112390176  331976.0244533583
130  -485977.2180771821  798439.2466854982  312462.0286083161
131  -504249.9426712253  798244.7556230854  293994.81295186013
132  -522796.01160422276  799372.4050339535  276576.3934297307
133  -541363.8810897775  800306.8540878412  258942.97299806378
134  -643905.0549294548  799260.8345477489  155355.7796182941
135  -652391.00306812  797061.3216854387  144670.31861731876
136  -660921.0049022835  793276.6166720722  132355.61176978867
137  -669451.096708495  789900.5986512674  120449.5019427723
138  -677814.0242645887  785216.1574822185  107402.13321762974
139  -685993.9482183179  780725.3823503169  94731.43413199892
140  -693985.111278199  776487.3146821745  82502.20340397547
141  -701768.648114094  771901.3935463616  70132.74543226755
142  -709351.0663524304  767518.6353922683  58167.56903983792
143  -716746.5025427275  763401.6267807556  46655.124238028075
144  -723974.7262966273  759564.4574974476  35589.7312008203
145  -731007.7922509242  755096.9981582062  24089.20590728207
146  -737847.5305252161  750271.5318686645  12424.001343448414
147  -555001.208087556  745782.152193917  190780.944106361
148  -561301.6846947399  741666.2977242155  180364.61302947567
149  -569419.586911183  736326.8734339975  166907.28652281454
150  -579313.3683282497  733247.9167001401  153934.54837189044
151  -590872.9202180342  732378.5696222229  141505.64940418873
152  -603499.8957775676  730629.1155753569  127129.21979778924
153  -617005.0280220401  730023.4325652407  113018.40454320051
154  -631252.3837349397  730905.7306513562  99653.34691641643
155  -646060.1292454961  732836.4128099654  86776.28356446931
156  -661118.2518221744  734147.2402334741  73028.98841129965
157  -676314.4514842588  736453.2918995295  60138.840415270766
158  -163355.265254275  739613.825330595  576258.5600763201
159  -170035.55401618805  743340.583407703  573305.029391515
160  -297832.1411465466  721976.3530531352  424144.21190658864
161  -330989.8779545947  718922.9025278989  387933.0245733042
162  -377524.26228104316  730564.8202472215  353040.55796617834
163  -424179.54403546714  733740.2402241707  309560.6961887036
164  -467826.1765911605  733388.8459463548  265562.6693551943
165  -508413.7349702096  733967.7058947355  225553.97092452593
166  -545956.612088227  735167.6233208157  189211.0112325888
167  -580515.0250570242  736741.6164169094  156226.59135988518
168  -612180.7855357192  738502.3178906459  126321.53235492669
169  -641050.2074993125  739814.9062684262  98764.69876911375
170  -667247.5699082001  740790.0088897918  73542.43898159172
171  -868742.4063452376  741504.0202591221  -127238.3860861155
172  -827497.1994412869  741637.1456844301  -85860.05375685671
173  -796516.922683743  738978.2177223673  -57538.70496137568
174  -797548.5094360495  735710.3650469573  -61838.144389092224
175  -798674.0817260614  732337.6064311592  -66336.47529490222
176  -799891.6536303104  728966.0290793116  -70925.6245509988
177  -801202.7502907581  725866.687802802  -75336.06248795614
178  -802586.4231757185  722612.2133231803  -79974.20985253819
179  -804017.540808646  719072.6730772371  -84944.86773140891
180  -805493.3954739053  715751.458641157  -89741.93683274824
181  -807007.0551168435  712382.6396675701  -94624.41544927342
182  -808556.4608296179  709144.847513952  -99411.61331566598
183  -810120.9774604514  705596.6159605416  -104524.36149990978
184  -811689.2072628393  701782.3537665969  -109906.85349624243
185  -813273.0198839279  698085.250582528  -115187.76930139994
186  -814884.8576322057  694416.2066051282  -120468.65102707746
187  -816540.4310859819  690971.0872765494  -125569.34380943247
188  -818255.0891314166  687734.7380610921  -130520.35107032454
189  -820041.5652337446  684549.3243388137  -135492.2408949309
190  -821913.6108467702  681644.7184768964  -140268.89236987382
191  -823882.2774616169  679029.8439825708  -144852.4334790461
192  -825955.3173914758  676710.1885575019  -149245.1288339739
193  -828136.7947884923  674687.3986662618  -153449.39612223045
194  -845585.0509445979  672959.0921506011  -172625.95879399683
195  -846975.53934983  671138.424468364  -175837.11488146603
196  -848491.9387889182  669041.2387405043  -179450.70004841394
197  -850129.9431016406  667247.8688853785  -182882.0742162621
198  -851881.8082650088  665746.4754938758  -186135.33277113305
199  -853737.1510477514  664522.5617989751  -189214.58924877632
200  -855640.8679516471  662755.1934432994  -192885.67450834776
201  -857535.9874488949  660181.4115490293  -197354.5758998656
202  -859405.1039061608  657388.3331468443  -202016.7707593165
203  -861251.0190889612  654797.3893217803  -206453.6297671809
204  -863076.6675504957  652408.353379454  -210668.3141710417
205  -864884.9096040683  650211.8570442814  -214673.05255978683
206  -866677.8891888045  648103.9806612422  -218573.9085275624
207  -868446.4816190084  645868.4815358138  -222578.00008319458
208  -870167.671176511  643123.6495863702  -227044.02159014076
209  -871846.9480005912  640489.1254921892  -231357.82250840205
210  -873489.1146623492  637967.5124893998  -235521.60217294947
211  -875098.1358529766  635560.5582555326  -239537.57759744395
212  -876677.0455793022  633269.0648076165  -243407.98077168572
213  -866998.1108891822  631092.85110895  -235905.2597802322
214  -868180.5490518934  629030.7677350775  -239149.78131681588
215  -869417.6821915787  626952.6565787824  -242465.0256127963
216  -870705.8088778552  625049.2121575898  -245656.59672026534
217  -872039.9928498508  623282.2953149354  -248757.6975349154
218  -873414.3406421534  621609.0032158421  -251805.33742631134
219  -874822.5286585031  620064.3233344522  -254758.20532405085
220  -876257.9265100354  618638.972905765  -257618.95360427035
221  -877713.89029636  617323.886444749  -260390.00385161105
222  -879184.0479661948  616105.1786793829  -263078.8692868119
223  -880662.5633671009  614973.994364488  -265688.56900261284
224  -882144.3664390657  613921.1710074436  -268223.1954316221
225  -883625.3623719449  612927.6863367236  -270697.6760352213
226  -885102.5920972062  611984.6864465444  -273117.9056506618
227  -886569.290862788  610811.5191869678  -275757.77167582023
228  -888024.6122627953  609582.8523296152  -278441.7599331802
229  10951304510.469833  608414.1240214256  10951912924.593855
230  9102967379.918394  607437.9107631316  9103574817.829157
231  7533058391.050315  606514.8893486607  7533664905.939664
232  -894593.3798328799  605658.9401271984  -288934.4397056815
233  -896434.4178337642  644826.6132449806  -251607.80458878365
234  -898290.8986969736  644104.135285471  -254186.7634115026
235  -900168.6791478174  643454.4360381438  -256714.2431096736
236  -902073.4328141968  642881.2707569855  -259192.16205721127
237  -904010.4329627254  642388.2163928836  -261622.21656984184
238  -905984.3547899413  641978.4717430879  -264005.8830468535
239  -907999.1060835791  641654.6799591762  -266344.4261244029
240  -910057.6931232316  641418.7813162958  -268638.9118069358
241  -912162.1262882069  641271.9019675787  -270890.2243206282
242  -914313.3671961825  641214.2818732414  -273099.0853229411
243  -916511.3166900879  641244.1366888247  -275267.18000126316
244  -922880.1759133114  641359.5210554057  -281520.6548579057
245  -924869.1810627395  641358.1929299092  -283510.98813283024
246  -926916.1952923129  641189.8563882784  -285726.33890403446
247  -929017.1549311928  641110.5453954226  -287906.60953577014
248  -931144.0738643636  640486.1239877592  -290657.94987660437
249  -933289.718104086  639784.9025886367  -293504.81551544927
250  -935452.3699125989  639130.329115871  -296322.0407967279
251  -937629.8511406793  638493.7786303445  -299136.0725103348
252  -939819.7749013937  637926.2536739106  -301893.52122748306
253  -942010.2682206988  637081.5790642537  -304928.6891564451
254  -944193.1739160693  636103.0476273482  -308090.1262887211
255  -946364.9753348909  635173.0825358572  -311191.89279903367
256  -948521.9492572913  634290.3228834638  -314231.62637382746
257  -950659.5807896525  633384.5441703484  -317275.0366193041
258  -952773.0724797344  632412.8175049905  -320360.25497474393
259  -954858.6848630194  631495.7226435656  -323362.96221945377
260  -956912.4894184693  630630.1131171882  -326282.37630128104
261  -958930.4154348752  629812.5263145079  -329117.88912036724
262  -960908.2990812013  629039.2340229835  -331869.06505821785
263  -962835.7216049165  628047.1763978136  -334788.5452071029
264  -964704.295768672  626855.943430247  -337848.352338425
265  -966512.1141330544  625711.6432270958  -340800.47090595856
266  -968257.0977354299  624610.7386669328  -343646.3590684971
267  -969937.061908312  623549.5208339222  -346387.5410743898
268  -971549.779862683  622524.1725209454  -349025.6073417376
269  -973093.0429273177  621530.8296401602  -351562.2132871575
270  -974564.7165439068  620565.6395312314  -353999.07701267547
271  -975962.7913171196  619624.8153410663  -356337.9759760533
272  -977285.4324296706  618699.6759607485  -358585.75646892213
273  -978531.0327069586  617781.467688282  -360749.56501867657
274  -979698.2509861874  616866.814993679  -362831.4359925083
275  -980786.0403458048  615952.6016805675  -364833.4386652373
276  -981793.6701318839  615035.9995848605  -366757.6705470234
277  -982720.7418802936  614114.4914465166  -368606.250433777
278  -983567.2010886077  613181.7659839407  -370385.435104667
279  -984333.3435077638  612235.5407966335  -372097.80271113035
280  -985019.8132587719  611274.5845862794  -373745.22867249255
281  -985627.5956967386  610297.9995014082  -375329.5961953304
282  -986158.0055283181  609305.2171988087  -376852.78832950944
283  -986612.6705040998  608080.7421217171  -378531.9283823827
284  -986993.5110326767  607270.3794763426  -379723.1315563341
285  -987302.716734498  606226.9496033279  -381075.76713117014
286  -987542.7254502826  605159.7071492443  -382383.0183010383
287  -987716.195387952  604070.1548989618  -383646.04048899026
288  -987825.97008967  602960.008715037  -384865.961374633
289  -987875.0418239027  601831.1668274389  -386043.8749964639
290  -987866.5138952793  600685.6774104442  -387180.836484835
291  -987803.5623941992  599525.7049614817  -388277.85743271746
292  -987689.3979317612  598353.4960261465  -389335.90190561477
293  -987527.2279213124  597171.3448357674  -390355.88308554504
294  -987320.2259270495  595974.4590604309  -391345.76686661865
295  -987071.507606762  594762.5770515767  -392308.9305551853
296  -718083.2484965371  593538.1573111869  -124545.0911853502
297  -722300.8854342867  592303.5820934562  -129997.30334083049
298  -732548.5507546205  591119.2784438323  -141429.27231078816
299  -747221.6264065793  592695.4467524542  -154526.17965412512
300  -764945.6309739741  596260.2444748726  -168685.38649910153
301  -985479.1953893615  603113.4885726351  -382365.70681672636
302  -985283.3789376218  606819.2628281331  -378464.11610948876
303  -985061.5898504741  605631.7561369495  -379429.8337135246
304  -984815.0109613164  604324.8126455888  -380490.19831572764
305  -984544.6811599135  602924.5090698233  -381620.17209009023
306  -984251.8368170368  601522.6442341491  -382729.1925828877
307  -973254.4592109708  600120.2505118544  -373134.20869911637
308  -972947.651672709  598718.2278657196  -374229.42380698945
309  -972620.510634305  597359.1914295201  -375261.3192047848
310  213736.00444359888  595994.8018557985  809730.8062993974
311  214053.34160053366  594583.6784048778  808637.0200054115
312  145621.7769985516  607871.9706664508  753493.7476650024
313  -971023.7666612441  624381.57228294  -346642.19437830406
314  252019458.85449338  634284.7763415535  252653743.63083494
315  -969528.1898960568  632611.8720931661  -336916.31780289067
316  -968477.4665527905  673706.5177301727  -294770.94882261776
317  -967386.6572598992  671383.7934594911  -296002.8638004081
318  -966259.1915515255  669033.6844634297  -297225.50708809576
319  -965098.5399928987  666636.8056649588  -298461.7343279399
320  -963908.2735094225  664204.2296770515  -299704.043832371
321  -962692.075489161  661756.2505713103  -300935.82491785067
322  -961453.7038342069  659296.9481193457  -302156.7557148612
323  -960196.9839365723  656830.5342093991  -303366.4497271732
324  -958925.8004284066  654358.7776706447  -304567.0227577619
325  -957644.0877817479  651884.8678753641  -305759.2199063838
326  -956355.8174438633  649413.1045829015  -306942.7128609618
327  -955064.9821256538  646947.8690640023  -308117.1130616515
328  -953775.5772498924  644493.6080265552  -309281.96922333725
329  -952491.5793655919  642054.8145716885  -310436.76479390333
330  -951216.9217580209  639634.1172527127  -311582.80450530816
331  -949955.4668927697  637235.7125917653  -312719.75430100434
332  -948710.9749414055  634864.1713322966  -313846.8036091089
333  -947487.0690080356  632524.0000641446  -314963.068943891
334  -946287.1973004518  630219.6054892932  -316067.5918111586
335  -945114.5925723441  627955.2556316426  -317159.33694070147
336  -943972.2293192489  625735.0383692106  -318237.1909500384
337  -942862.7793786782  623562.8178299592  -319299.961548719
338  -941788.5693198282  621437.2214693673  -320351.3478504609
339  -940751.5406621228  619357.5428209354  -321393.9978411874
340  -939753.2142250167  617322.6876278126  -322430.52659720404
341  -938794.6542155106  615333.2211059777  -323461.4331095329
342  -937876.4403006027  613384.9722950046  -324491.46800559806
343  -936992.7442216908  611158.5811937114  -325834.16302797943
344  -936142.1476443959  608816.2807791178  -327325.8668652781
345  -935324.4390266667  606484.1986324642  -328840.2403942025
346  -934539.1453282394  604198.2927252722  -330340.8526029672
347  -933785.2849476633  601958.1870287976  -331827.09791886574
348  -933061.3757151107  599760.6453810263  -333300.73033408436
349  -932365.4552899542  597604.0856609062  -334761.36962904804
350  -931695.1121602062  595486.3336232975  -336208.7785369087
351  -931047.5279561044  593405.3614236458  -337642.1665324586
352  -930419.5302959065  591358.9433909615  -339060.58690494497
353  -929807.6550919251  589344.5174422334  -340463.13764969166
354  -929207.9660519395  587299.8434849195  -341908.12256702
355  -928616.5204186264  585255.7171196584  -343360.803298968
356  -928029.4146678441  583232.73473322  -344796.6799346241
357  -927442.7647938443  581226.9788339399  -346215.78595990443
358  -926851.3150807648  579114.6034659152  -347736.7116148496
359  -926250.5803826171  576885.6724775563  -349364.9079050608
360  -925638.5135833474  574689.1706243716  -350949.3429589758
361  -925013.3265873422  572524.6758464472  -352488.65074089495
362  -924373.5136300197  570391.9206825763  -353981.5929474435
363  -923717.8679967164  568290.8065226349  -355427.0614740815
364  -923045.247324655  566160.1094042337  -356885.1379204212
365  -922354.9887754589  564042.3143150697  -358312.6744603892
366  -921646.8133146277  561956.3212059867  -359690.4921086411
367  -920920.7601094499  559892.1845649481  -361028.5755445018
368  -920177.2578948331  557822.5485250319  -362354.7093698012
369  -637052.1724316217  555731.5690033721  -81320.6034282496
370  -637371.801426211  553620.4946524329  -83751.30677377817
371  -642306.0602227122  549113.6649362968  -93192.39528641547
372  -650604.097863308  545101.6007208701  -105502.49714243796
373  -661402.9899216482  542085.5114963714  -119317.47842527681
374  -915518.0146625502  541895.050889286  -373622.9637732642
375  -914767.6912380565  544051.1284950124  -370716.5627430441
376  -914018.614077719  541932.001674131  -372086.612403588
377  -913274.5132510249  539802.3214162131  -373472.1918348118
378  -912539.2466546188  537679.1010335233  -374860.14562109543
379  -911816.7270054525  535566.3028295892  -376250.42417586327
380  -911110.8628433882  533466.9235387862  -377643.939304602
381  -910425.5038544292  531381.8538401772  -379043.65001425205
382  -909764.3899828551  529315.2792821543  -380449.1107007008
383  -909131.1053480116  527271.3151017015  -381859.79024631006
384  -908529.0390793069  525253.9668797988  -383275.0721995081
385  -907961.3539927831  523267.09807932086  -384694.25591346226
386  -907430.9637656718  521314.4051991276  -386116.5585665442
387  -906940.5189421223  519399.4009868158  -387541.11795530654
388  -906492.4017374609  517525.4058126342  -388966.99592482665
389  -906088.7292200455  515695.54693540285  -390393.18228464265
390  -905727.5098319103  513702.68979463365  -392024.8200372766
391  -905407.4417378487  511565.88677438436  -393841.5549634643
392  -905130.1470202995  509448.34208307276  -395681.8049372267
393  -904897.291794048  507382.0756448215  -397515.21614922653
394  -904710.5171783643  505371.01952988096  -399339.4976484834
395  -904568.4805995176  503285.4728812476  -401283.00771827
396  -553769.3324871323  500943.6289955524  -52825.70349157986
397  -553095.8846431396  498675.164183727  -54420.72045941255
398  -563613.2673331591  496266.37875985267  -67346.88857330644
399  -581431.0022107507  497573.2493029211  -83857.75290782959
400  -604542.1892989596  503378.7164324906  -101163.47286646895
401  -627990.4604381877  504753.75986923836  -123236.70056894934
402  -650345.5516683068  504436.3496852824  -145909.20198302442
403  -671560.0718512567  504723.62291918276  -166836.4489320739
404  -691611.794919442  505489.13347133517  -186122.66144810687
405  -710443.4758905922  506193.36545222014  -204250.11043837207
406  -727827.3474641003  504816.7471604023  -223010.60030369804
407  -743885.6156019486  503585.55925474816  -240300.0563472004
408  -758728.0800712579  502265.7266354606  -256462.35343579727
409  -772458.0989362026  501021.6568698774  -271436.44206632517
410  -785171.3605507336  499924.36095879204  -285246.9995919416
411  -796955.6328431107  498973.30690896796  -297982.32593414275
412  -807891.2773466358  498167.9723469364  -309723.3049996994
413  -818051.7472676466  497507.71246598597  -320544.03480166063
414  -827504.064321983  496991.6586624334  -330512.40565954964
415  -836309.2787451886  496610.67255762144  -339698.6061875672
416  -844522.9122840734  496359.48570506915  -348163.42657900427
417  -852195.3621258216  496235.7337863226  -355959.62833949906
418  -859372.2748041195  496234.7958555454  -363137.4789485741
419  -866094.9253461984  496335.46853507735  -369759.456811121
420  -872400.5950890663  496528.48441131413  -375872.1106777522
421  -878322.8714437118  496809.9681824778  -381512.903261234
422  -883891.9147331769  497175.6946064159  -386716.220126761
423  -889134.7033801646  497618.0857114693  -391516.6176686953
424  -894075.2606474648  498129.17524106166  -395946.0854064031
425  -898734.8616400494  498702.8264690906  -400032.0351709588
426  -903132.2241267753  499333.1725192443  -403799.051607531
427  -907283.687191744  500012.3693904012  -407271.3178013428
428  -911203.3823784176  500730.5665580974  -410472.8158203203
429  -914903.3964266587  501480.5877922776  -413422.8086343811
430  -918393.9281665968  502254.8990171289  -416139.0291494679
431  -921683.4430617191  503045.6331547488  -418637.80990697024
432  -924778.8275159379  503844.62467604276  -420934.2028398951
433  -927685.5447820082  504643.4548536411  -423042.08992836706
434  -930407.7939894903  505433.50850476854  -424974.2854847217
435  -932948.6834319802  506196.5073583984  -426752.1760735818
436  -935310.4185986704  506915.862362693  -428394.5562359774
437  -937494.4793934702  507583.1627465816  -429911.3166468886
438  -939501.7973440427  508190.19614505296  -431311.6011989897
439  -941332.937261562  508729.06358299754  -432603.87367856444
440  -942988.282498733  509191.1188203032  -433797.16367842985
441  -944468.2222786252  509569.1436254229  -434899.07865320233
442  -945773.3388141876  509856.95541418897  -435916.3833999986
443  -947761.0435821217  510049.2188260614  -437711.8247560603
444  -948257.7504370657  510141.58631837147  -438116.16411869426
445  -948638.3356916872  510073.0652277361  -438565.2704639511
446  -948901.3344446163  509900.2833816364  -439001.05106297997
447  -949046.6848818773  509622.62230016245  -439424.0625817148
448  -949075.8214210053  509240.94709250546  -439834.87432849983
449  -948991.7456267627  508757.6898090882  -440234.05581767455
450  -948799.0702712971  508176.9081656302  -440622.16210566694
451  -948504.032047139  507504.3150658625  -440999.7169812765
452  -948113.8825683271  506656.12315209786  -441457.75941622927
453  -947636.8873309058  505578.5697274263  -442058.3176034795
454  -947083.6647647992  504392.2030973567  -442691.46166744246
455  -946465.598492017  503102.5478955626  -443363.0505964544
456  -945791.7116627799  501486.6552280893  -444305.0564346906
457  -945077.3674248575  499856.71213504585  -445220.6552898116
458  -945069.3605872776  498226.6337794948  -446842.7268077828
459  -944332.9727743992  496609.5957405251  -447723.3770338741
460  -943600.9165127043  495068.81596013025  -448532.1005525741
461  -942888.9281705517  493565.12868088303  -449323.7994896686
462  -942211.9540355409  492113.4535454224  -450098.5004901185
463  -941583.8260992256  490727.82286571915  -450856.0032335064
464  -941016.9599722  489421.0674255088  -451595.8925466912
465  -940522.0875739183  488204.5304454005  -452317.5571285178
466  -940108.0361866932  487087.82194384997  -453020.21424284327
467  -939781.5636007425  486078.6242617967  -453702.9393389458
468  -939547.2565051353  485182.55728394596  -454364.69922118937
469  -939407.4985706769  484398.68102873716  -455008.81754193973
470  -939362.5091890942  483726.38163117  -455636.1275579242
471  -939410.4436650476  483164.80684033333  -456245.6368247143
472  -939547.5518237207  482711.17183337  -456836.3799903507
473  -939768.3870368735  482360.94214756106  -457407.44488931244
474  -940066.054913526  482108.06159715727  -457957.9933163688
475  -940432.4896627712  481945.21370389115  -458487.2759588801
476  -940858.7457295309  481864.1043491007  -458994.64138043026
477  -941335.2926850446  481855.75335430074  -459479.53933074384
478  -941852.3024113082  481910.78343581135  -459941.5189754968
479  -942399.9191930583  482019.69631938095  -460380.2228736773
480  -942964.1552626309  481998.19212844677  -460965.96313418413
481  -943528.3717883669  481677.13737275853  -461851.2344156084
482  -944085.5955312566  481370.1055059609  -462715.49002529576
483  -944629.5734479952  481048.15158235916  -463581.4218656361
484  -945154.9483476116  480730.74041725683  -464424.20793035475
485  -945657.2911391734  480412.79529434774  -465244.4958448257
486  -946133.1455495582  480090.1694817602  -466042.97606779804
487  -946580.0473209786  479759.6797887573  -466820.3675322213
488  -946996.5207730427  479419.1159850775  -467577.4047879652
489  -947382.0556832319  479067.2290229344  -468314.8266602975
490  -947737.067343902  478703.70098257205  -469033.3663613299
491  -948062.8424507193  478329.09950715245  -469733.7429435669
492  -948361.4674822262  477936.50869871705  -470424.95878350915
493  -948635.7578527621  477530.88010750746  -471104.87774525466
494  -948889.1762691817  477118.5693193044  -471770.6069498772
495  -949125.74134284  476702.8828832744  -472422.8584595656
496  -949349.9334847697  476287.63313756476  -473062.3003472049
497  -949566.5976364204  475877.0447284844  -473689.552907936
498  -949780.8449152664  475473.0687996502  -474307.7761156162
499  -949997.9541253198  475080.07544090046  -474917.8786844194
500  -950223.2734003585  474702.8287606019  -475520.44463975664
501  -950462.1240500716  474346.1172825791  -476116.00676749245
502  -884331.2524559615  474013.4834978136  -410317.76895814796
503  -882763.6936209312  473708.2115760275  -409055.48204490374
504  -881762.87616149  471873.55041676614  -409889.32574472384
505  -881365.7547210138  470631.4346019537  -410734.3201190601
506  -881589.3875549282  470008.6181711538  -411580.7693837744
507  -882429.8772135423  470011.25911571865  -412418.6180978237
508  -883860.4036212404  470602.3384043091  -413258.0652169313
509  -885623.1714753711  469513.7894155313  -416109.3820598398
510  -887686.3640757828  468564.80540727836  -419121.55866850447
511  -890017.5850784665  467960.3640372828  -422057.2210411836
512  -892581.345168391  467635.3899803355  -424945.9551880555
513  -895340.5432153887  467614.62337856955  -427725.9198368191
514  -898257.3979108034  467865.9661351413  -430391.4317756621
515  -901294.4720461108  468355.95391703903  -432938.51812907174
516  -912342.8139625512  469050.7424827688  -443292.0714797824
517  -915593.2582759033  469916.97659397393  -445676.28168192937
518  -918861.7072465998  471002.9370369024  -447858.7702096974
519  -922119.4813319106  472197.6841286516  -449921.79720325896
