3  36  33
3  36  34
3  36  35
3  36  36
3  36  37
3  36  38
3  37  33
3  37  34
3  37  35
3  37  36
3  37  37
3  37  38
3  38  33
3  38  34
3  38  35
3  38  36
3  38  37
3  38  38
3  39  33
3  39  34
3  39  35
3  39  36
3  39  37
3  39  38
3  40  33
3  40  34
3  40  35
3  40  36
3  40  37
3  40  38
3  41  33
3  41  34
3  41  35
3  41  36
3  41  37
3  41  38
3  42  33
3  42  34
3  42  35
3  42  36
3  42  37
3  42  38
3  43  33
3  43  34
3  43  35
3  43  36
3  43  37
3  43  38
3  44  33
3  44  34
3  44  35
3  44  36
3  44  37
3  44  38
3  45  33
3  45  34
3  45  35
3  45  36
3  45  37
3  45  38
3  46  33
3  46  34
3  46  35
3  46  36
3  46  37
3  46  38
3  47  33
3  47  34
3  47  35
3  47  36
3  47  37
3  47  38
4  36  33
4  36  34
4  36  35
4  36  36
4  36  37
4  36  38
4  37  33
4  37  34
4  37  35
4  37  36
4  37  37
4  37  38
4  38  33
4  38  34
4  38  35
4  38  36
4  38  37
4  38  38
4  39  33
4  39  34
4  39  35
4  39  36
4  39  37
4  39  38
4  40  33
4  40  34
4  40  35
4  40  36
4  40  37
4  40  38
4  41  33
4  41  34
4  41  35
4  41  36
4  41  37
4  41  38
4  42  33
4  42  34
4  42  35
4  42  36
4  42  37
4  42  38
4  43  33
4  43  34
4  43  35
4  43  36
4  43  37
4  43  38
4  44  33
4  44  34
4  44  35
4  44  36
4  44  37
4  44  38
4  45  33
4  45  34
4  45  35
4  45  36
4  45  37
4  45  38
4  46  33
4  46  34
4  46  35
4  46  36
4  46  37
4  46  38
4  47  33
4  47  34
4  47  35
4  47  36
4  47  37
4  47  38
5  36  33
5  36  34
5  36  35
5  36  36
5  36  37
5  36  38
5  37  33
5  37  34
5  37  35
5  37  36
5  37  37
5  37  38
5  38  33
5  38  34
5  38  35
5  38  36
5  38  37
5  38  38
5  39  33
5  39  34
5  39  35
5  39  36
5  39  37
5  39  38
5  40  33
5  40  34
5  40  35
5  40  36
5  40  37
5  40  38
5  41  33
5  41  34
5  41  35
5  41  36
5  41  37
5  41  38
5  42  33
5  42  34
5  42  35
5  42  36
5  42  37
5  42  38
5  43  33
5  43  34
5  43  35
5  43  36
5  43  37
5  43  38
5  44  33
5  44  34
5  44  35
5  44  36
5  44  37
5  44  38
5  45  33
5  45  34
5  45  35
5  45  36
5  45  37
5  45  38
5  46  33
5  46  34
5  46  35
5  46  36
5  46  37
5  46  38
5  47  33
5  47  34
5  47  35
5  47  36
5  47  37
5  47  38
6  36  33
6  36  34
6  36  35
6  36  36
6  36  37
6  36  38
6  37  33
6  37  34
6  37  35
6  37  36
6  37  37
6  37  38
6  38  33
6  38  34
6  38  35
6  38  36
6  38  37
6  38  38
6  39  33
6  39  34
6  39  35
6  39  36
6  39  37
6  39  38
6  40  13
6  40  14
6  40  15
6  40  16
6  40  17
6  40  18
6  40  33
6  40  34
6  40  35
6  40  36
6  40  37
6  40  38
6  41  13
6  41  14
6  41  15
6  41  16
6  41  17
6  41  18
6  41  33
6  41  34
6  41  35
6  41  36
6  41  37
6  41  38
6  42  13
6  42  14
6  42  15
6  42  16
6  42  17
6  42  18
6  42  33
6  42  34
6  42  35
6  42  36
6  42  37
6  42  38
6  43  13
6  43  14
6  43  15
6  43  16
6  43  17
6  43  18
6  43  33
6  43  34
6  43  35
6  43  36
6  43  37
6  43  38
6  44  13
6  44  14
6  44  15
6  44  16
6  44  17
6  44  18
6  44  33
6  44  34
6  44  35
6  44  36
6  44  37
6  44  38
6  45  13
6  45  14
6  45  15
6  45  16
6  45  17
6  45  18
6  45  33
6  45  34
6  45  35
6  45  36
6  45  37
6  45  38
6  46  13
6  46  14
6  46  15
6  46  16
6  46  17
6  46  18
6  46  33
6  46  34
6  46  35
6  46  36
6  46  37
6  46  38
6  47  13
6  47  14
6  47  15
6  47  16
6  47  17
6  47  18
6  47  33
6  47  34
6  47  35
6  47  36
6  47  37
6  47  38
6  48  13
6  48  14
6  48  15
6  48  16
6  48  17
6  48  18
6  49  13
6  49  14
6  49  15
6  49  16
6  49  17
6  49  18
6  50  13
6  50  14
6  50  15
6  50  16
6  50  17
6  50  18
6  51  13
6  51  14
6  51  15
6  51  16
6  51  17
6  51  18
7  36  33
7  36  34
7  36  35
7  36  36
7  36  37
7  36  38
7  37  33
7  37  34
7  37  35
7  37  36
7  37  37
7  37  38
7  38  33
7  38  34
7  38  35
7  38  36
7  38  37
7  38  38
7  39  33
7  39  34
7  39  35
7  39  36
7  39  37
7  39  38
7  40  13
7  40  14
7  40  15
7  40  16
7  40  17
7  40  18
7  40  33
7  40  34
7  40  35
7  40  36
7  40  37
7  40  38
7  41  13
7  41  14
7  41  15
7  41  16
7  41  17
7  41  18
7  41  33
7  41  34
7  41  35
7  41  36
7  41  37
7  41  38
7  42  13
7  42  14
7  42  15
7  42  16
7  42  17
7  42  18
7  42  33
7  42  34
7  42  35
7  42  36
7  42  37
7  42  38
7  43  13
7  43  14
7  43  15
7  43  16
7  43  17
7  43  18
7  43  33
7  43  34
7  43  35
7  43  36
7  43  37
7  43  38
7  44  13
7  44  14
7  44  15
7  44  16
7  44  17
7  44  18
7  44  33
7  44  34
7  44  35
7  44  36
7  44  37
7  44  38
7  45  13
7  45  14
7  45  15
7  45  16
7  45  17
7  45  18
7  45  33
7  45  34
7  45  35
7  45  36
7  45  37
7  45  38
7  46  13
7  46  14
7  46  15
7  46  16
7  46  17
7  46  18
7  46  33
7  46  34
7  46  35
7  46  36
7  46  37
7  46  38
7  47  13
7  47  14
7  47  15
7  47  16
7  47  17
7  47  18
7  47  33
7  47  34
7  47  35
7  47  36
7  47  37
7  47  38
7  48  13
7  48  14
7  48  15
7  48  16
7  48  17
7  48  18
7  49  13
7  49  14
7  49  15
7  49  16
7  49  17
7  49  18
7  50  13
7  50  14
7  50  15
7  50  16
7  50  17
7  50  18
7  51  13
7  51  14
7  51  15
7  51  16
7  51  17
7  51  18
8  36  33
8  36  34
8  36  35
8  36  36
8  36  37
8  36  38
8  37  33
8  37  34
8  37  35
8  37  36
8  37  37
8  37  38
8  38  33
8  38  34
8  38  35
8  38  36
8  38  37
8  38  38
8  39  33
8  39  34
8  39  35
8  39  36
8  39  37
8  39  38
8  40  13
8  40  14
8  40  15
8  40  16
8  40  17
8  40  18
8  40  33
8  40  34
8  40  35
8  40  36
8  40  37
8  40  38
8  41  13
8  41  14
8  41  15
8  41  16
8  41  17
8  41  18
8  41  33
8  41  34
8  41  35
8  41  36
8  41  37
8  41  38
8  42  13
8  42  14
8  42  15
8  42  16
8  42  17
8  42  18
8  42  33
8  42  34
8  42  35
8  42  36
8  42  37
8  42  38
8  43  13
8  43  14
8  43  15
8  43  16
8  43  17
8  43  18
8  43  33
8  43  34
8  43  35
8  43  36
8  43  37
8  43  38
8  44  13
8  44  14
8  44  15
8  44  16
8  44  17
8  44  18
8  44  33
8  44  34
8  44  35
8  44  36
8  44  37
8  44  38
8  45  13
8  45  14
8  45  15
8  45  16
8  45  17
8  45  18
8  45  33
8  45  34
8  45  35
8  45  36
8  45  37
8  45  38
8  46  13
8  46  14
8  46  15
8  46  16
8  46  17
8  46  18
8  46  33
8  46  34
8  46  35
8  46  36
8  46  37
8  46  38
8  47  13
8  47  14
8  47  15
8  47  16
8  47  17
8  47  18
8  47  33
8  47  34
8  47  35
8  47  36
8  47  37
8  47  38
8  48  13
8  48  14
8  48  15
8  48  16
8  48  17
8  48  18
8  49  13
8  49  14
8  49  15
8  49  16
8  49  17
8  49  18
8  50  13
8  50  14
8  50  15
8  50  16
8  50  17
8  50  18
8  51  13
8  51  14
8  51  15
8  51  16
8  51  17
8  51  18
9  0  12
9  0  13
9  0  14
9  0  15
9  0  16
9  0  17
9  1  12
9  1  13
9  1  14
9  1  15
9  1  16
9  1  17
9  2  12
9  2  13
9  2  14
9  2  15
9  2  16
9  2  17
9  3  12
9  3  13
9  3  14
9  3  15
9  3  16
9  3  17
9  4  12
9  4  13
9  4  14
9  4  15
9  4  16
9  4  17
9  5  12
9  5  13
9  5  14
9  5  15
9  5  16
9  5  17
9  6  12
9  6  13
9  6  14
9  6  15
9  6  16
9  6  17
9  36  33
9  36  34
9  36  35
9  36  36
9  36  37
9  36  38
9  37  33
9  37  34
9  37  35
9  37  36
9  37  37
9  37  38
9  38  33
9  38  34
9  38  35
9  38  36
9  38  37
9  38  38
9  39  33
9  39  34
9  39  35
9  39  36
9  39  37
9  39  38
9  40  13
9  40  14
9  40  15
9  40  16
9  40  17
9  40  18
9  40  33
9  40  34
9  40  35
9  40  36
9  40  37
9  40  38
9  41  13
9  41  14
9  41  15
9  41  16
9  41  17
9  41  18
9  41  33
9  41  34
9  41  35
9  41  36
9  41  37
9  41  38
9  42  13
9  42  14
9  42  15
9  42  16
9  42  17
9  42  18
9  42  33
9  42  34
9  42  35
9  42  36
9  42  37
9  42  38
9  43  13
9  43  14
9  43  15
9  43  16
9  43  17
9  43  18
9  43  33
9  43  34
9  43  35
9  43  36
9  43  37
9  43  38
9  44  13
9  44  14
9  44  15
9  44  16
9  44  17
9  44  18
9  44  33
9  44  34
9  44  35
9  44  36
9  44  37
9  44  38
9  45  13
9  45  14
9  45  15
9  45  16
9  45  17
9  45  18
9  45  33
9  45  34
9  45  35
9  45  36
9  45  37
9  45  38
9  46  13
9  46  14
9  46  15
9  46  16
9  46  17
9  46  18
9  46  33
9  46  34
9  46  35
9  46  36
9  46  37
9  46  38
9  47  13
9  47  14
9  47  15
9  47  16
9  47  17
9  47  18
9  47  33
9  47  34
9  47  35
9  47  36
9  47  37
9  47  38
9  48  13
9  48  14
9  48  15
9  48  16
9  48  17
9  48  18
9  49  13
9  49  14
9  49  15
9  49  16
9  49  17
9  49  18
9  50  13
9  50  14
9  50  15
9  50  16
9  50  17
9  50  18
9  51  13
9  51  14
9  51  15
9  51  16
9  51  17
9  51  18
10  0  12
10  0  13
10  0  14
10  0  15
10  0  16
10  0  17
10  1  12
10  1  13
10  1  14
10  1  15
10  1  16
10  1  17
10  2  12
10  2  13
10  2  14
10  2  15
10  2  16
10  2  17
10  3  12
10  3  13
10  3  14
10  3  15
10  3  16
10  3  17
10  4  12
10  4  13
10  4  14
10  4  15
10  4  16
10  4  17
10  5  12
10  5  13
10  5  14
10  5  15
10  5  16
10  5  17
10  6  12
10  6  13
10  6  14
10  6  15
10  6  16
10  6  17
10  36  33
10  36  34
10  36  35
10  36  36
10  36  37
10  36  38
10  37  33
10  37  34
10  37  35
10  37  36
10  37  37
10  37  38
10  38  33
10  38  34
10  38  35
10  38  36
10  38  37
10  38  38
10  39  33
10  39  34
10  39  35
10  39  36
10  39  37
10  39  38
10  40  13
10  40  14
10  40  15
10  40  16
10  40  17
10  40  18
10  40  33
10  40  34
10  40  35
10  40  36
10  40  37
10  40  38
10  41  13
10  41  14
10  41  15
10  41  16
10  41  17
10  41  18
10  41  33
10  41  34
10  41  35
10  41  36
10  41  37
10  41  38
10  42  13
10  42  14
10  42  15
10  42  16
10  42  17
10  42  18
10  42  33
10  42  34
10  42  35
10  42  36
10  42  37
10  42  38
10  43  13
10  43  14
10  43  15
10  43  16
10  43  17
10  43  18
10  43  33
10  43  34
10  43  35
10  43  36
10  43  37
10  43  38
10  44  13
10  44  14
10  44  15
10  44  16
10  44  17
10  44  18
10  44  33
10  44  34
10  44  35
10  44  36
10  44  37
10  44  38
10  45  13
10  45  14
10  45  15
10  45  16
10  45  17
10  45  18
10  45  33
10  45  34
10  45  35
10  45  36
10  45  37
10  45  38
10  46  13
10  46  14
10  46  15
10  46  16
10  46  17
10  46  18
10  46  33
10  46  34
10  46  35
10  46  36
10  46  37
10  46  38
10  47  13
10  47  14
10  47  15
10  47  16
10  47  17
10  47  18
10  47  33
10  47  34
10  47  35
10  47  36
10  47  37
10  47  38
10  48  13
10  48  14
10  48  15
10  48  16
10  48  17
10  48  18
10  49  13
10  49  14
10  49  15
10  49  16
10  49  17
10  49  18
10  50  13
10  50  14
10  50  15
10  50  16
10  50  17
10  50  18
10  51  13
10  51  14
10  51  15
10  51  16
10  51  17
10  51  18
11  0  12
11  0  13
11  0  14
11  0  15
11  0  16
11  0  17
11  1  12
11  1  13
11  1  14
11  1  15
11  1  16
11  1  17
11  2  12
11  2  13
11  2  14
11  2  15
11  2  16
11  2  17
11  3  12
11  3  13
11  3  14
11  3  15
11  3  16
11  3  17
11  4  12
11  4  13
11  4  14
11  4  15
11  4  16
11  4  17
11  5  12
11  5  13
11  5  14
11  5  15
11  5  16
11  5  17
11  6  12
11  6  13
11  6  14
11  6  15
11  6  16
11  6  17
11  36  33
11  36  34
11  36  35
11  36  36
11  36  37
11  36  38
11  37  33
11  37  34
11  37  35
11  37  36
11  37  37
11  37  38
11  38  33
11  38  34
11  38  35
11  38  36
11  38  37
11  38  38
11  39  33
11  39  34
11  39  35
11  39  36
11  39  37
11  39  38
11  40  13
11  40  14
11  40  15
11  40  16
11  40  17
11  40  18
11  40  33
11  40  34
11  40  35
11  40  36
11  40  37
11  40  38
11  41  13
11  41  14
11  41  15
11  41  16
11  41  17
11  41  18
11  41  33
11  41  34
11  41  35
11  41  36
11  41  37
11  41  38
11  42  13
11  42  14
11  42  15
11  42  16
11  42  17
11  42  18
11  42  33
11  42  34
11  42  35
11  42  36
11  42  37
11  42  38
11  43  13
11  43  14
11  43  15
11  43  16
11  43  17
11  43  18
11  43  33
11  43  34
11  43  35
11  43  36
11  43  37
11  43  38
11  44  13
11  44  14
11  44  15
11  44  16
11  44  17
11  44  18
11  44  33
11  44  34
11  44  35
11  44  36
11  44  37
11  44  38
11  45  13
11  45  14
11  45  15
11  45  16
11  45  17
11  45  18
11  45  33
11  45  34
11  45  35
11  45  36
11  45  37
11  45  38
11  46  13
11  46  14
11  46  15
11  46  16
11  46  17
11  46  18
11  46  33
11  46  34
11  46  35
11  46  36
11  46  37
11  46  38
11  47  13
11  47  14
11  47  15
11  47  16
11  47  17
11  47  18
11  47  33
11  47  34
11  47  35
11  47  36
11  47  37
11  47  38
11  48  13
11  48  14
11  48  15
11  48  16
11  48  17
11  48  18
11  49  13
11  49  14
11  49  15
11  49  16
11  49  17
11  49  18
11  50  13
11  50  14
11  50  15
11  50  16
11  50  17
11  50  18
11  51  13
11  51  14
11  51  15
11  51  16
11  51  17
11  51  18
12  0  12
12  0  13
12  0  14
12  0  15
12  0  16
12  0  17
12  1  12
12  1  13
12  1  14
12  1  15
12  1  16
12  1  17
12  2  12
12  2  13
12  2  14
12  2  15
12  2  16
12  2  17
12  3  12
12  3  13
12  3  14
12  3  15
12  3  16
12  3  17
12  4  12
12  4  13
12  4  14
12  4  15
12  4  16
12  4  17
12  5  12
12  5  13
12  5  14
12  5  15
12  5  16
12  5  17
12  6  12
12  6  13
12  6  14
12  6  15
12  6  16
12  6  17
12  36  33
12  36  34
12  36  35
12  36  36
12  36  37
12  36  38
12  37  33
12  37  34
12  37  35
12  37  36
12  37  37
12  37  38
12  38  33
12  38  34
12  38  35
12  38  36
12  38  37
12  38  38
12  39  33
12  39  34
12  39  35
12  39  36
12  39  37
12  39  38
12  40  13
12  40  14
12  40  15
12  40  16
12  40  17
12  40  18
12  40  33
12  40  34
12  40  35
12  40  36
12  40  37
12  40  38
12  41  13
12  41  14
12  41  15
12  41  16
12  41  17
12  41  18
12  41  33
12  41  34
12  41  35
12  41  36
12  41  37
12  41  38
12  42  13
12  42  14
12  42  15
12  42  16
12  42  17
12  42  18
12  42  33
12  42  34
12  42  35
12  42  36
12  42  37
12  42  38
12  43  13
12  43  14
12  43  15
12  43  16
12  43  17
12  43  18
12  43  33
12  43  34
12  43  35
12  43  36
12  43  37
12  43  38
12  44  13
12  44  14
12  44  15
12  44  16
12  44  17
12  44  18
12  44  33
12  44  34
12  44  35
12  44  36
12  44  37
12  44  38
12  45  13
12  45  14
12  45  15
12  45  16
12  45  17
12  45  18
12  45  33
12  45  34
12  45  35
12  45  36
12  45  37
12  45  38
12  46  13
12  46  14
12  46  15
12  46  16
12  46  17
12  46  18
12  46  33
12  46  34
12  46  35
12  46  36
12  46  37
12  46  38
12  47  13
12  47  14
12  47  15
12  47  16
12  47  17
12  47  18
12  47  33
12  47  34
12  47  35
12  47  36
12  47  37
12  47  38
12  48  13
12  48  14
12  48  15
12  48  16
12  48  17
12  48  18
12  49  13
12  49  14
12  49  15
12  49  16
12  49  17
12  49  18
12  50  13
12  50  14
12  50  15
12  50  16
12  50  17
12  50  18
12  51  13
12  51  14
12  51  15
12  51  16
12  51  17
12  51  18
13  0  12
13  0  13
13  0  14
13  0  15
13  0  16
13  0  17
13  1  12
13  1  13
13  1  14
13  1  15
13  1  16
13  1  17
13  2  12
13  2  13
13  2  14
13  2  15
13  2  16
13  2  17
13  3  12
13  3  13
13  3  14
13  3  15
13  3  16
13  3  17
13  4  12
13  4  13
13  4  14
13  4  15
13  4  16
13  4  17
13  5  12
13  5  13
13  5  14
13  5  15
13  5  16
13  5  17
13  6  12
13  6  13
13  6  14
13  6  15
13  6  16
13  6  17
13  36  33
13  36  34
13  36  35
13  36  36
13  36  37
13  36  38
13  37  33
13  37  34
13  37  35
13  37  36
13  37  37
13  37  38
13  38  33
13  38  34
13  38  35
13  38  36
13  38  37
13  38  38
13  39  33
13  39  34
13  39  35
13  39  36
13  39  37
13  39  38
13  40  13
13  40  14
13  40  15
13  40  16
13  40  17
13  40  18
13  40  33
13  40  34
13  40  35
13  40  36
13  40  37
13  40  38
13  41  13
13  41  14
13  41  15
13  41  16
13  41  17
13  41  18
13  41  33
13  41  34
13  41  35
13  41  36
13  41  37
13  41  38
13  42  13
13  42  14
13  42  15
13  42  16
13  42  17
13  42  18
13  42  33
13  42  34
13  42  35
13  42  36
13  42  37
13  42  38
13  43  13
13  43  14
13  43  15
13  43  16
13  43  17
13  43  18
13  43  33
13  43  34
13  43  35
13  43  36
13  43  37
13  43  38
13  44  13
13  44  14
13  44  15
13  44  16
13  44  17
13  44  18
13  44  33
13  44  34
13  44  35
13  44  36
13  44  37
13  44  38
13  45  13
13  45  14
13  45  15
13  45  16
13  45  17
13  45  18
13  45  33
13  45  34
13  45  35
13  45  36
13  45  37
13  45  38
13  46  13
13  46  14
13  46  15
13  46  16
13  46  17
13  46  18
13  46  33
13  46  34
13  46  35
13  46  36
13  46  37
13  46  38
13  47  13
13  47  14
13  47  15
13  47  16
13  47  17
13  47  18
13  47  33
13  47  34
13  47  35
13  47  36
13  47  37
13  47  38
13  48  13
13  48  14
13  48  15
13  48  16
13  48  17
13  48  18
13  49  13
13  49  14
13  49  15
13  49  16
13  49  17
13  49  18
13  50  13
13  50  14
13  50  15
13  50  16
13  50  17
13  50  18
13  51  13
13  51  14
13  51  15
13  51  16
13  51  17
13  51  18
14  0  12
14  0  13
14  0  14
14  0  15
14  0  16
14  0  17
14  1  12
14  1  13
14  1  14
14  1  15
14  1  16
14  1  17
14  2  12
14  2  13
14  2  14
14  2  15
14  2  16
14  2  17
14  3  12
14  3  13
14  3  14
14  3  15
14  3  16
14  3  17
14  4  12
14  4  13
14  4  14
14  4  15
14  4  16
14  4  17
14  5  12
14  5  13
14  5  14
14  5  15
14  5  16
14  5  17
14  6  12
14  6  13
14  6  14
14  6  15
14  6  16
14  6  17
14  36  33
14  36  34
14  36  35
14  36  36
14  36  37
14  36  38
14  37  33
14  37  34
14  37  35
14  37  36
14  37  37
14  37  38
14  38  33
14  38  34
14  38  35
14  38  36
14  38  37
14  38  38
14  39  33
14  39  34
14  39  35
14  39  36
14  39  37
14  39  38
14  40  13
14  40  14
14  40  15
14  40  16
14  40  17
14  40  18
14  40  33
14  40  34
14  40  35
14  40  36
14  40  37
14  40  38
14  41  13
14  41  14
14  41  15
14  41  16
14  41  17
14  41  18
14  41  33
14  41  34
14  41  35
14  41  36
14  41  37
14  41  38
14  42  13
14  42  14
14  42  15
14  42  16
14  42  17
14  42  18
14  42  33
14  42  34
14  42  35
14  42  36
14  42  37
14  42  38
14  43  13
14  43  14
14  43  15
14  43  16
14  43  17
14  43  18
14  43  33
14  43  34
14  43  35
14  43  36
14  43  37
14  43  38
14  44  13
14  44  14
14  44  15
14  44  16
14  44  17
14  44  18
14  44  33
14  44  34
14  44  35
14  44  36
14  44  37
14  44  38
14  45  13
14  45  14
14  45  15
14  45  16
14  45  17
14  45  18
14  45  33
14  45  34
14  45  35
14  45  36
14  45  37
14  45  38
14  46  13
14  46  14
14  46  15
14  46  16
14  46  17
14  46  18
14  46  33
14  46  34
14  46  35
14  46  36
14  46  37
14  46  38
14  47  13
14  47  14
14  47  15
14  47  16
14  47  17
14  47  18
14  47  33
14  47  34
14  47  35
14  47  36
14  47  37
14  47  38
14  48  13
14  48  14
14  48  15
14  48  16
14  48  17
14  48  18
14  49  13
14  49  14
14  49  15
14  49  16
14  49  17
14  49  18
14  50  13
14  50  14
14  50  15
14  50  16
14  50  17
14  50  18
14  51  13
14  51  14
14  51  15
14  51  16
14  51  17
14  51  18
15  0  12
15  0  13
15  0  14
15  0  15
15  0  16
15  0  17
15  1  12
15  1  13
15  1  14
15  1  15
15  1  16
15  1  17
15  2  12
15  2  13
15  2  14
15  2  15
15  2  16
15  2  17
15  3  12
15  3  13
15  3  14
15  3  15
15  3  16
15  3  17
15  4  12
15  4  13
15  4  14
15  4  15
15  4  16
15  4  17
15  5  12
15  5  13
15  5  14
15  5  15
15  5  16
15  5  17
15  6  12
15  6  13
15  6  14
15  6  15
15  6  16
15  6  17
15  40  13
15  40  14
15  40  15
15  40  16
15  40  17
15  40  18
15  41  13
15  41  14
15  41  15
15  41  16
15  41  17
15  41  18
15  42  13
15  42  14
15  42  15
15  42  16
15  42  17
15  42  18
15  43  13
15  43  14
15  43  15
15  43  16
15  43  17
15  43  18
15  44  13
15  44  14
15  44  15
15  44  16
15  44  17
15  44  18
15  45  13
15  45  14
15  45  15
15  45  16
15  45  17
15  45  18
15  46  13
15  46  14
15  46  15
15  46  16
15  46  17
15  46  18
15  47  13
15  47  14
15  47  15
15  47  16
15  47  17
15  47  18
15  48  13
15  48  14
15  48  15
15  48  16
15  48  17
15  48  18
15  49  13
15  49  14
15  49  15
15  49  16
15  49  17
15  49  18
15  50  13
15  50  14
15  50  15
15  50  16
15  50  17
15  50  18
15  51  13
15  51  14
15  51  15
15  51  16
15  51  17
15  51  18
16  0  12
16  0  13
16  0  14
16  0  15
16  0  16
16  0  17
16  1  12
16  1  13
16  1  14
16  1  15
16  1  16
16  1  17
16  2  12
16  2  13
16  2  14
16  2  15
16  2  16
16  2  17
16  3  12
16  3  13
16  3  14
16  3  15
16  3  16
16  3  17
16  4  12
16  4  13
16  4  14
16  4  15
16  4  16
16  4  17
16  5  12
16  5  13
16  5  14
16  5  15
16  5  16
16  5  17
16  6  12
16  6  13
16  6  14
16  6  15
16  6  16
16  6  17
16  40  13
16  40  14
16  40  15
16  40  16
16  40  17
16  40  18
16  41  13
16  41  14
16  41  15
16  41  16
16  41  17
16  41  18
16  42  13
16  42  14
16  42  15
16  42  16
16  42  17
16  42  18
16  43  13
16  43  14
16  43  15
16  43  16
16  43  17
16  43  18
16  44  13
16  44  14
16  44  15
16  44  16
16  44  17
16  44  18
16  45  13
16  45  14
16  45  15
16  45  16
16  45  17
16  45  18
16  46  13
16  46  14
16  46  15
16  46  16
16  46  17
16  46  18
16  47  13
16  47  14
16  47  15
16  47  16
16  47  17
16  47  18
16  48  13
16  48  14
16  48  15
16  48  16
16  48  17
16  48  18
16  49  13
16  49  14
16  49  15
16  49  16
16  49  17
16  49  18
16  50  13
16  50  14
16  50  15
16  50  16
16  50  17
16  50  18
16  51  13
16  51  14
16  51  15
16  51  16
16  51  17
16  51  18
17  0  12
17  0  13
17  0  14
17  0  15
17  0  16
17  0  17
17  1  12
17  1  13
17  1  14
17  1  15
17  1  16
17  1  17
17  2  12
17  2  13
17  2  14
17  2  15
17  2  16
17  2  17
17  3  12
17  3  13
17  3  14
17  3  15
17  3  16
17  3  17
17  4  12
17  4  13
17  4  14
17  4  15
17  4  16
17  4  17
17  5  12
17  5  13
17  5  14
17  5  15
17  5  16
17  5  17
17  6  12
17  6  13
17  6  14
17  6  15
17  6  16
17  6  17
17  40  13
17  40  14
17  40  15
17  40  16
17  40  17
17  40  18
17  41  13
17  41  14
17  41  15
17  41  16
17  41  17
17  41  18
17  42  13
17  42  14
17  42  15
17  42  16
17  42  17
17  42  18
17  43  13
17  43  14
17  43  15
17  43  16
17  43  17
17  43  18
17  44  13
17  44  14
17  44  15
17  44  16
17  44  17
17  44  18
17  45  13
17  45  14
17  45  15
17  45  16
17  45  17
17  45  18
17  46  13
17  46  14
17  46  15
17  46  16
17  46  17
17  46  18
17  47  13
17  47  14
17  47  15
17  47  16
17  47  17
17  47  18
17  48  13
17  48  14
17  48  15
17  48  16
17  48  17
17  48  18
17  49  13
17  49  14
17  49  15
17  49  16
17  49  17
17  49  18
17  50  13
17  50  14
17  50  15
17  50  16
17  50  17
17  50  18
17  51  13
17  51  14
17  51  15
17  51  16
17  51  17
17  51  18
18  0  12
18  0  13
18  0  14
18  0  15
18  0  16
18  0  17
18  1  12
18  1  13
18  1  14
18  1  15
18  1  16
18  1  17
18  2  12
18  2  13
18  2  14
18  2  15
18  2  16
18  2  17
18  3  12
18  3  13
18  3  14
18  3  15
18  3  16
18  3  17
18  4  12
18  4  13
18  4  14
18  4  15
18  4  16
18  4  17
18  5  12
18  5  13
18  5  14
18  5  15
18  5  16
18  5  17
18  6  12
18  6  13
18  6  14
18  6  15
18  6  16
18  6  17
19  0  12
19  0  13
19  0  14
19  0  15
19  0  16
19  0  17
19  1  12
19  1  13
19  1  14
19  1  15
19  1  16
19  1  17
19  2  12
19  2  13
19  2  14
19  2  15
19  2  16
19  2  17
19  3  12
19  3  13
19  3  14
19  3  15
19  3  16
19  3  17
19  4  12
19  4  13
19  4  14
19  4  15
19  4  16
19  4  17
19  5  12
19  5  13
19  5  14
19  5  15
19  5  16
19  5  17
19  6  12
19  6  13
19  6  14
19  6  15
19  6  16
19  6  17
20  0  12
20  0  13
20  0  14
20  0  15
20  0  16
20  0  17
20  1  12
20  1  13
20  1  14
20  1  15
20  1  16
20  1  17
20  2  12
20  2  13
20  2  14
20  2  15
20  2  16
20  2  17
20  3  12
20  3  13
20  3  14
20  3  15
20  3  16
20  3  17
20  4  12
20  4  13
20  4  14
20  4  15
20  4  16
20  4  17
20  5  12
20  5  13
20  5  14
20  5  15
20  5  16
20  5  17
20  6  12
20  6  13
20  6  14
20  6  15
20  6  16
20  6  17
35  25  19
35  25  20
35  25  21
35  25  22
35  25  23
35  25  24
35  26  19
35  26  20
35  26  21
35  26  22
35  26  23
35  26  24
35  27  19
35  27  20
35  27  21
35  27  22
35  27  23
35  27  24
35  28  19
35  28  20
35  28  21
35  28  22
35  28  23
35  28  24
35  29  19
35  29  20
35  29  21
35  29  22
35  29  23
35  29  24
35  30  19
35  30  20
35  30  21
35  30  22
35  30  23
35  30  24
35  31  19
35  31  20
35  31  21
35  31  22
35  31  23
35  31  24
35  32  19
35  32  20
35  32  21
35  32  22
35  32  23
35  32  24
35  33  19
35  33  20
35  33  21
35  33  22
35  33  23
35  33  24
35  34  19
35  34  20
35  34  21
35  34  22
35  34  23
35  34  24
35  35  19
35  35  20
35  35  21
35  35  22
35  35  23
35  35  24
35  36  19
35  36  20
35  36  21
35  36  22
35  36  23
35  36  24
36  25  19
36  25  20
36  25  21
36  25  22
36  25  23
36  25  24
36  26  19
36  26  20
36  26  21
36  26  22
36  26  23
36  26  24
36  27  19
36  27  20
36  27  21
36  27  22
36  27  23
36  27  24
36  28  19
36  28  20
36  28  21
36  28  22
36  28  23
36  28  24
36  29  19
36  29  20
36  29  21
36  29  22
36  29  23
36  29  24
36  30  19
36  30  20
36  30  21
36  30  22
36  30  23
36  30  24
36  31  19
36  31  20
36  31  21
36  31  22
36  31  23
36  31  24
36  32  19
36  32  20
36  32  21
36  32  22
36  32  23
36  32  24
36  33  19
36  33  20
36  33  21
36  33  22
36  33  23
36  33  24
36  34  19
36  34  20
36  34  21
36  34  22
36  34  23
36  34  24
36  35  19
36  35  20
36  35  21
36  35  22
36  35  23
36  35  24
36  36  19
36  36  20
36  36  21
36  36  22
36  36  23
36  36  24
36  44  9
36  44  10
36  44  11
36  44  12
36  44  13
36  44  14
36  45  9
36  45  10
36  45  11
36  45  12
36  45  13
36  45  14
36  46  9
36  46  10
36  46  11
36  46  12
36  46  13
36  46  14
36  47  9
36  47  10
36  47  11
36  47  12
36  47  13
36  47  14
36  48  9
36  48  10
36  48  11
36  48  12
36  48  13
36  48  14
36  49  9
36  49  10
36  49  11
36  49  12
36  49  13
36  49  14
36  50  9
36  50  10
36  50  11
36  50  12
36  50  13
36  50  14
36  51  9
36  51  10
36  51  11
36  51  12
36  51  13
36  51  14
36  52  9
36  52  10
36  52  11
36  52  12
36  52  13
36  52  14
36  53  9
36  53  10
36  53  11
36  53  12
36  53  13
36  53  14
36  54  9
36  54  10
36  54  11
36  54  12
36  54  13
36  54  14
36  55  9
36  55  10
36  55  11
36  55  12
36  55  13
36  55  14
37  25  19
37  25  20
37  25  21
37  25  22
37  25  23
37  25  24
37  26  19
37  26  20
37  26  21
37  26  22
37  26  23
37  26  24
37  27  19
37  27  20
37  27  21
37  27  22
37  27  23
37  27  24
37  28  19
37  28  20
37  28  21
37  28  22
37  28  23
37  28  24
37  29  19
37  29  20
37  29  21
37  29  22
37  29  23
37  29  24
37  30  19
37  30  20
37  30  21
37  30  22
37  30  23
37  30  24
37  31  19
37  31  20
37  31  21
37  31  22
37  31  23
37  31  24
37  32  19
37  32  20
37  32  21
37  32  22
37  32  23
37  32  24
37  33  19
37  33  20
37  33  21
37  33  22
37  33  23
37  33  24
37  34  19
37  34  20
37  34  21
37  34  22
37  34  23
37  34  24
37  35  19
37  35  20
37  35  21
37  35  22
37  35  23
37  35  24
37  36  19
37  36  20
37  36  21
37  36  22
37  36  23
37  36  24
37  44  9
37  44  10
37  44  11
37  44  12
37  44  13
37  44  14
37  45  9
37  45  10
37  45  11
37  45  12
37  45  13
37  45  14
37  46  9
37  46  10
37  46  11
37  46  12
37  46  13
37  46  14
37  47  9
37  47  10
37  47  11
37  47  12
37  47  13
37  47  14
37  48  9
37  48  10
37  48  11
37  48  12
37  48  13
37  48  14
37  49  9
37  49  10
37  49  11
37  49  12
37  49  13
37  49  14
37  50  9
37  50  10
37  50  11
37  50  12
37  50  13
37  50  14
37  51  9
37  51  10
37  51  11
37  51  12
37  51  13
37  51  14
37  52  9
37  52  10
37  52  11
37  52  12
37  52  13
37  52  14
37  53  9
37  53  10
37  53  11
37  53  12
37  53  13
37  53  14
37  54  9
37  54  10
37  54  11
37  54  12
37  54  13
37  54  14
37  55  9
37  55  10
37  55  11
37  55  12
37  55  13
37  55  14
38  25  19
38  25  20
38  25  21
38  25  22
38  25  23
38  25  24
38  26  19
38  26  20
38  26  21
38  26  22
38  26  23
38  26  24
38  27  19
38  27  20
38  27  21
38  27  22
38  27  23
38  27  24
38  28  19
38  28  20
38  28  21
38  28  22
38  28  23
38  28  24
38  29  19
38  29  20
38  29  21
38  29  22
38  29  23
38  29  24
38  30  19
38  30  20
38  30  21
38  30  22
38  30  23
38  30  24
38  31  19
38  31  20
38  31  21
38  31  22
38  31  23
38  31  24
38  32  19
38  32  20
38  32  21
38  32  22
38  32  23
38  32  24
38  33  19
38  33  20
38  33  21
38  33  22
38  33  23
38  33  24
38  34  19
38  34  20
38  34  21
38  34  22
38  34  23
38  34  24
38  35  19
38  35  20
38  35  21
38  35  22
38  35  23
38  35  24
38  36  19
38  36  20
38  36  21
38  36  22
38  36  23
38  36  24
38  44  9
38  44  10
38  44  11
38  44  12
38  44  13
38  44  14
38  45  9
38  45  10
38  45  11
38  45  12
38  45  13
38  45  14
38  46  9
38  46  10
38  46  11
38  46  12
38  46  13
38  46  14
38  47  9
38  47  10
38  47  11
38  47  12
38  47  13
38  47  14
38  48  9
38  48  10
38  48  11
38  48  12
38  48  13
38  48  14
38  49  9
38  49  10
38  49  11
38  49  12
38  49  13
38  49  14
38  50  9
38  50  10
38  50  11
38  50  12
38  50  13
38  50  14
38  51  9
38  51  10
38  51  11
38  51  12
38  51  13
38  51  14
38  52  9
38  52  10
38  52  11
38  52  12
38  52  13
38  52  14
38  53  9
38  53  10
38  53  11
38  53  12
38  53  13
38  53  14
38  54  9
38  54  10
38  54  11
38  54  12
38  54  13
38  54  14
38  55  9
38  55  10
38  55  11
38  55  12
38  55  13
38  55  14
39  25  19
39  25  20
39  25  21
39  25  22
39  25  23
39  25  24
39  26  19
39  26  20
39  26  21
39  26  22
39  26  23
39  26  24
39  27  19
39  27  20
39  27  21
39  27  22
39  27  23
39  27  24
39  28  19
39  28  20
39  28  21
39  28  22
39  28  23
39  28  24
39  29  19
39  29  20
39  29  21
39  29  22
39  29  23
39  29  24
39  30  19
39  30  20
39  30  21
39  30  22
39  30  23
39  30  24
39  31  19
39  31  20
39  31  21
39  31  22
39  31  23
39  31  24
39  32  19
39  32  20
39  32  21
39  32  22
39  32  23
39  32  24
39  33  19
39  33  20
39  33  21
39  33  22
39  33  23
39  33  24
39  34  19
39  34  20
39  34  21
39  34  22
39  34  23
39  34  24
39  35  19
39  35  20
39  35  21
39  35  22
39  35  23
39  35  24
39  36  19
39  36  20
39  36  21
39  36  22
39  36  23
39  36  24
39  44  9
39  44  10
39  44  11
39  44  12
39  44  13
39  44  14
39  45  9
39  45  10
39  45  11
39  45  12
39  45  13
39  45  14
39  46  9
39  46  10
39  46  11
39  46  12
39  46  13
39  46  14
39  47  9
39  47  10
39  47  11
39  47  12
39  47  13
39  47  14
39  48  9
39  48  10
39  48  11
39  48  12
39  48  13
39  48  14
39  49  9
39  49  10
39  49  11
39  49  12
39  49  13
39  49  14
39  50  9
39  50  10
39  50  11
39  50  12
39  50  13
39  50  14
39  51  9
39  51  10
39  51  11
39  51  12
39  51  13
39  51  14
39  52  9
39  52  10
39  52  11
39  52  12
39  52  13
39  52  14
39  53  9
39  53  10
39  53  11
39  53  12
39  53  13
39  53  14
39  54  9
39  54  10
39  54  11
39  54  12
39  54  13
39  54  14
39  55  9
39  55  10
39  55  11
39  55  12
39  55  13
39  55  14
40  25  19
40  25  20
40  25  21
40  25  22
40  25  23
40  25  24
40  26  19
40  26  20
40  26  21
40  26  22
40  26  23
40  26  24
40  27  19
40  27  20
40  27  21
40  27  22
40  27  23
40  27  24
40  28  19
40  28  20
40  28  21
40  28  22
40  28  23
40  28  24
40  29  19
40  29  20
40  29  21
40  29  22
40  29  23
40  29  24
40  30  19
40  30  20
40  30  21
40  30  22
40  30  23
40  30  24
40  31  19
40  31  20
40  31  21
40  31  22
40  31  23
40  31  24
40  32  19
40  32  20
40  32  21
40  32  22
40  32  23
40  32  24
40  33  19
40  33  20
40  33  21
40  33  22
40  33  23
40  33  24
40  34  19
40  34  20
40  34  21
40  34  22
40  34  23
40  34  24
40  35  19
40  35  20
40  35  21
40  35  22
40  35  23
40  35  24
40  36  19
40  36  20
40  36  21
40  36  22
40  36  23
40  36  24
40  44  9
40  44  10
40  44  11
40  44  12
40  44  13
40  44  14
40  45  9
40  45  10
40  45  11
40  45  12
40  45  13
40  45  14
40  46  9
40  46  10
40  46  11
40  46  12
40  46  13
40  46  14
40  47  9
40  47  10
40  47  11
40  47  12
40  47  13
40  47  14
40  48  9
40  48  10
40  48  11
40  48  12
40  48  13
40  48  14
40  49  9
40  49  10
40  49  11
40  49  12
40  49  13
40  49  14
40  50  9
40  50  10
40  50  11
40  50  12
40  50  13
40  50  14
40  51  9
40  51  10
40  51  11
40  51  12
40  51  13
40  51  14
40  52  9
40  52  10
40  52  11
40  52  12
40  52  13
40  52  14
40  53  9
40  53  10
40  53  11
40  53  12
40  53  13
40  53  14
40  54  9
40  54  10
40  54  11
40  54  12
40  54  13
40  54  14
40  55  9
40  55  10
40  55  11
40  55  12
40  55  13
40  55  14
41  25  19
41  25  20
41  25  21
41  25  22
41  25  23
41  25  24
41  26  19
41  26  20
41  26  21
41  26  22
41  26  23
41  26  24
41  27  19
41  27  20
41  27  21
41  27  22
41  27  23
41  27  24
41  28  19
41  28  20
41  28  21
41  28  22
41  28  23
41  28  24
41  29  19
41  29  20
41  29  21
41  29  22
41  29  23
41  29  24
41  30  19
41  30  20
41  30  21
41  30  22
41  30  23
41  30  24
41  31  19
41  31  20
41  31  21
41  31  22
41  31  23
41  31  24
41  32  19
41  32  20
41  32  21
41  32  22
41  32  23
41  32  24
41  33  19
41  33  20
41  33  21
41  33  22
41  33  23
41  33  24
41  34  19
41  34  20
41  34  21
41  34  22
41  34  23
41  34  24
41  35  19
41  35  20
41  35  21
41  35  22
41  35  23
41  35  24
41  36  19
41  36  20
41  36  21
41  36  22
41  36  23
41  36  24
41  44  9
41  44  10
41  44  11
41  44  12
41  44  13
41  44  14
41  45  9
41  45  10
41  45  11
41  45  12
41  45  13
41  45  14
41  46  9
41  46  10
41  46  11
41  46  12
41  46  13
41  46  14
41  47  9
41  47  10
41  47  11
41  47  12
41  47  13
41  47  14
41  48  9
41  48  10
41  48  11
41  48  12
41  48  13
41  48  14
41  49  9
41  49  10
41  49  11
41  49  12
41  49  13
41  49  14
41  50  9
41  50  10
41  50  11
41  50  12
41  50  13
41  50  14
41  51  9
41  51  10
41  51  11
41  51  12
41  51  13
41  51  14
41  52  9
41  52  10
41  52  11
41  52  12
41  52  13
41  52  14
41  53  9
41  53  10
41  53  11
41  53  12
41  53  13
41  53  14
41  54  9
41  54  10
41  54  11
41  54  12
41  54  13
41  54  14
41  55  9
41  55  10
41  55  11
41  55  12
41  55  13
41  55  14
42  25  19
42  25  20
42  25  21
42  25  22
42  25  23
42  25  24
42  26  19
42  26  20
42  26  21
42  26  22
42  26  23
42  26  24
42  27  19
42  27  20
42  27  21
42  27  22
42  27  23
42  27  24
42  28  19
42  28  20
42  28  21
42  28  22
42  28  23
42  28  24
42  29  19
42  29  20
42  29  21
42  29  22
42  29  23
42  29  24
42  30  19
42  30  20
42  30  21
42  30  22
42  30  23
42  30  24
42  31  19
42  31  20
42  31  21
42  31  22
42  31  23
42  31  24
42  32  19
42  32  20
42  32  21
42  32  22
42  32  23
42  32  24
42  33  19
42  33  20
42  33  21
42  33  22
42  33  23
42  33  24
42  34  19
42  34  20
42  34  21
42  34  22
42  34  23
42  34  24
42  35  19
42  35  20
42  35  21
42  35  22
42  35  23
42  35  24
42  36  19
42  36  20
42  36  21
42  36  22
42  36  23
42  36  24
42  44  9
42  44  10
42  44  11
42  44  12
42  44  13
42  44  14
42  45  9
42  45  10
42  45  11
42  45  12
42  45  13
42  45  14
42  46  9
42  46  10
42  46  11
42  46  12
42  46  13
42  46  14
42  47  9
42  47  10
42  47  11
42  47  12
42  47  13
42  47  14
42  48  9
42  48  10
42  48  11
42  48  12
42  48  13
42  48  14
42  49  9
42  49  10
42  49  11
42  49  12
42  49  13
42  49  14
42  50  9
42  50  10
42  50  11
42  50  12
42  50  13
42  50  14
42  51  9
42  51  10
42  51  11
42  51  12
42  51  13
42  51  14
42  52  9
42  52  10
42  52  11
42  52  12
42  52  13
42  52  14
42  53  9
42  53  10
42  53  11
42  53  12
42  53  13
42  53  14
42  54  9
42  54  10
42  54  11
42  54  12
42  54  13
42  54  14
42  55  9
42  55  10
42  55  11
42  55  12
42  55  13
42  55  14
43  25  19
43  25  20
43  25  21
43  25  22
43  25  23
43  25  24
43  26  19
43  26  20
43  26  21
43  26  22
43  26  23
43  26  24
43  27  19
43  27  20
43  27  21
43  27  22
43  27  23
43  27  24
43  28  19
43  28  20
43  28  21
43  28  22
43  28  23
43  28  24
43  29  19
43  29  20
43  29  21
43  29  22
43  29  23
43  29  24
43  30  19
43  30  20
43  30  21
43  30  22
43  30  23
43  30  24
43  31  19
43  31  20
43  31  21
43  31  22
43  31  23
43  31  24
43  32  19
43  32  20
43  32  21
43  32  22
43  32  23
43  32  24
43  33  19
43  33  20
43  33  21
43  33  22
43  33  23
43  33  24
43  34  19
43  34  20
43  34  21
43  34  22
43  34  23
43  34  24
43  35  19
43  35  20
43  35  21
43  35  22
43  35  23
43  35  24
43  36  19
43  36  20
43  36  21
43  36  22
43  36  23
43  36  24
43  44  9
43  44  10
43  44  11
43  44  12
43  44  13
43  44  14
43  45  9
43  45  10
43  45  11
43  45  12
43  45  13
43  45  14
43  46  9
43  46  10
43  46  11
43  46  12
43  46  13
43  46  14
43  47  9
43  47  10
43  47  11
43  47  12
43  47  13
43  47  14
43  48  9
43  48  10
43  48  11
43  48  12
43  48  13
43  48  14
43  49  9
43  49  10
43  49  11
43  49  12
43  49  13
43  49  14
43  50  9
43  50  10
43  50  11
43  50  12
43  50  13
43  50  14
43  51  9
43  51  10
43  51  11
43  51  12
43  51  13
43  51  14
43  52  9
43  52  10
43  52  11
43  52  12
43  52  13
43  52  14
43  53  9
43  53  10
43  53  11
43  53  12
43  53  13
43  53  14
43  54  9
43  54  10
43  54  11
43  54  12
43  54  13
43  54  14
43  55  9
43  55  10
43  55  11
43  55  12
43  55  13
43  55  14
44  25  19
44  25  20
44  25  21
44  25  22
44  25  23
44  25  24
44  26  19
44  26  20
44  26  21
44  26  22
44  26  23
44  26  24
44  27  19
44  27  20
44  27  21
44  27  22
44  27  23
44  27  24
44  28  19
44  28  20
44  28  21
44  28  22
44  28  23
44  28  24
44  29  19
44  29  20
44  29  21
44  29  22
44  29  23
44  29  24
44  30  19
44  30  20
44  30  21
44  30  22
44  30  23
44  30  24
44  31  19
44  31  20
44  31  21
44  31  22
44  31  23
44  31  24
44  32  19
44  32  20
44  32  21
44  32  22
44  32  23
44  32  24
44  33  19
44  33  20
44  33  21
44  33  22
44  33  23
44  33  24
44  34  19
44  34  20
44  34  21
44  34  22
44  34  23
44  34  24
44  35  19
44  35  20
44  35  21
44  35  22
44  35  23
44  35  24
44  36  19
44  36  20
44  36  21
44  36  22
44  36  23
44  36  24
44  44  9
44  44  10
44  44  11
44  44  12
44  44  13
44  44  14
44  45  9
44  45  10
44  45  11
44  45  12
44  45  13
44  45  14
44  46  9
44  46  10
44  46  11
44  46  12
44  46  13
44  46  14
44  47  9
44  47  10
44  47  11
44  47  12
44  47  13
44  47  14
44  48  9
44  48  10
44  48  11
44  48  12
44  48  13
44  48  14
44  49  9
44  49  10
44  49  11
44  49  12
44  49  13
44  49  14
44  50  9
44  50  10
44  50  11
44  50  12
44  50  13
44  50  14
44  51  9
44  51  10
44  51  11
44  51  12
44  51  13
44  51  14
44  52  9
44  52  10
44  52  11
44  52  12
44  52  13
44  52  14
44  53  9
44  53  10
44  53  11
44  53  12
44  53  13
44  53  14
44  54  9
44  54  10
44  54  11
44  54  12
44  54  13
44  54  14
44  55  9
44  55  10
44  55  11
44  55  12
44  55  13
44  55  14
45  25  19
45  25  20
45  25  21
45  25  22
45  25  23
45  25  24
45  26  19
45  26  20
45  26  21
45  26  22
45  26  23
45  26  24
45  27  19
45  27  20
45  27  21
45  27  22
45  27  23
45  27  24
45  28  19
45  28  20
45  28  21
45  28  22
45  28  23
45  28  24
45  29  19
45  29  20
45  29  21
45  29  22
45  29  23
45  29  24
45  30  19
45  30  20
45  30  21
45  30  22
45  30  23
45  30  24
45  31  19
45  31  20
45  31  21
45  31  22
45  31  23
45  31  24
45  32  19
45  32  20
45  32  21
45  32  22
45  32  23
45  32  24
45  33  19
45  33  20
45  33  21
45  33  22
45  33  23
45  33  24
45  34  19
45  34  20
45  34  21
45  34  22
45  34  23
45  34  24
45  35  19
45  35  20
45  35  21
45  35  22
45  35  23
45  35  24
45  36  19
45  36  20
45  36  21
45  36  22
45  36  23
45  36  24
45  44  9
45  44  10
45  44  11
45  44  12
45  44  13
45  44  14
45  45  9
45  45  10
45  45  11
45  45  12
45  45  13
45  45  14
45  46  9
45  46  10
45  46  11
45  46  12
45  46  13
45  46  14
45  47  9
45  47  10
45  47  11
45  47  12
45  47  13
45  47  14
45  48  9
45  48  10
45  48  11
45  48  12
45  48  13
45  48  14
45  49  9
45  49  10
45  49  11
45  49  12
45  49  13
45  49  14
45  50  9
45  50  10
45  50  11
45  50  12
45  50  13
45  50  14
45  51  9
45  51  10
45  51  11
45  51  12
45  51  13
45  51  14
45  52  9
45  52  10
45  52  11
45  52  12
45  52  13
45  52  14
45  53  9
45  53  10
45  53  11
45  53  12
45  53  13
45  53  14
45  54  9
45  54  10
45  54  11
45  54  12
45  54  13
45  54  14
45  55  9
45  55  10
45  55  11
45  55  12
45  55  13
45  55  14
46  25  19
46  25  20
46  25  21
46  25  22
46  25  23
46  25  24
46  26  19
46  26  20
46  26  21
46  26  22
46  26  23
46  26  24
46  27  19
46  27  20
46  27  21
46  27  22
46  27  23
46  27  24
46  28  19
46  28  20
46  28  21
46  28  22
46  28  23
46  28  24
46  29  19
46  29  20
46  29  21
46  29  22
46  29  23
46  29  24
46  30  19
46  30  20
46  30  21
46  30  22
46  30  23
46  30  24
46  31  19
46  31  20
46  31  21
46  31  22
46  31  23
46  31  24
46  32  19
46  32  20
46  32  21
46  32  22
46  32  23
46  32  24
46  33  19
46  33  20
46  33  21
46  33  22
46  33  23
46  33  24
46  34  19
46  34  20
46  34  21
46  34  22
46  34  23
46  34  24
46  35  19
46  35  20
46  35  21
46  35  22
46  35  23
46  35  24
46  36  19
46  36  20
46  36  21
46  36  22
46  36  23
46  36  24
46  44  9
46  44  10
46  44  11
46  44  12
46  44  13
46  44  14
46  45  9
46  45  10
46  45  11
46  45  12
46  45  13
46  45  14
46  46  9
46  46  10
46  46  11
46  46  12
46  46  13
46  46  14
46  47  9
46  47  10
46  47  11
46  47  12
46  47  13
46  47  14
46  48  9
46  48  10
46  48  11
46  48  12
46  48  13
46  48  14
46  49  9
46  49  10
46  49  11
46  49  12
46  49  13
46  49  14
46  50  9
46  50  10
46  50  11
46  50  12
46  50  13
46  50  14
46  51  9
46  51  10
46  51  11
46  51  12
46  51  13
46  51  14
46  52  9
46  52  10
46  52  11
46  52  12
46  52  13
46  52  14
46  53  9
46  53  10
46  53  11
46  53  12
46  53  13
46  53  14
46  54  9
46  54  10
46  54  11
46  54  12
46  54  13
46  54  14
46  55  9
46  55  10
46  55  11
46  55  12
46  55  13
46  55  14
47  44  9
47  44  10
47  44  11
47  44  12
47  44  13
47  44  14
47  45  9
47  45  10
47  45  11
47  45  12
47  45  13
47  45  14
47  46  9
47  46  10
47  46  11
47  46  12
47  46  13
47  46  14
47  47  9
47  47  10
47  47  11
47  47  12
47  47  13
47  47  14
47  48  9
47  48  10
47  48  11
47  48  12
47  48  13
47  48  14
47  49  9
47  49  10
47  49  11
47  49  12
47  49  13
47  49  14
47  50  9
47  50  10
47  50  11
47  50  12
47  50  13
47  50  14
47  51  9
47  51  10
47  51  11
47  51  12
47  51  13
47  51  14
47  52  9
47  52  10
47  52  11
47  52  12
47  52  13
47  52  14
47  53  9
47  53  10
47  53  11
47  53  12
47  53  13
47  53  14
47  54  9
47  54  10
47  54  11
47  54  12
47  54  13
47  54  14
47  55  9
47  55  10
47  55  11
47  55  12
47  55  13
47  55  14
