18.88720175025811  -13.763370147064954
13.024485759442465  -127.62160238014897
16.158265362650965  -35.08570116936221
8.549430058794153  -1536.4645916395516
7.536601197828659  -3119.769262203347
17.891278655219132  -19.04692145885449
13.643662863056234  -96.65867960573333
13.118317859032288  -122.25808568851114
10.785869761641582  -393.0225747805585
11.37393270943773  -286.59619907137596
5.834836786686598  -9567.000091718324
7.64409788933977  -2887.3777063078655
5.419126640694992  -9452.984240577684
12.197994050503654  -188.83590827808084
14.368677225603864  -70.89367836129456
11.357815369785529  -289.0270892547262
10.383765850544604  -492.3831875363713
8.049999905426377  -2164.8315465133383
12.775889477911752  -143.20884858110742
8.8725519796438  -1240.0852300647953
5.5279468354741095  -9909.497074207919
18.846809771419526  -13.941242790985994
11.82406245426985  -227.39946839062927
19.912658715860882  -10.022952014096804
17.61423520506227  -20.915584394642742
10.245339848664928  -533.1070209238555
16.517628161044765  -30.751028472585897
5.333926527062303  -8725.777717377416
11.633506150943766  -250.5360328669742
15.290464815593538  -48.845502688945736
14.549561858664232  -65.77556820075188
8.733639258453305  -1358.7574936525625
16.415668533238804  -31.91403040869361
9.003711384527168  -1138.7355554235219
10.920055083647194  -365.1831174793598
13.849311100659664  -88.37882723015305
7.000309963755582  -4605.832816020067
8.797936382023135  -1302.2980742479167
11.802473617127049  -229.89205854206233
19.793891489391402  -10.38915112780561
10.572700683337073  -442.46473761774354
26.0822624885043  -1.9851205942363328
22.096296663222134  -5.369140372323636
20.3140529619899  -8.892092219799775
7.495108577088265  -3214.7159228133287
25.138311513082904  -2.4764895774153635
12.693441473884329  -148.86012587206932
14.380200109010383  -70.55411906813518
19.614104778923686  -10.973619006940563
21.846589782158183  -5.747985612505358
19.225432581803755  -12.37339536199772
16.80275519478196  -27.752070412561068
16.068176628250626  -36.281561993815515
15.492834667650147  -45.14438267889005
10.988934275255435  -351.7837103887195
11.351989584992067  -289.91164171169487
6.869267795374768  -5063.978640978251
18.317132716157104  -16.540756345898966
22.54214674587943  -4.762737670961095
16.847435473718896  -27.313688264524504
26.36302428160282  -1.8616088113043687
13.424600340921257  -106.49052654894454
18.053090476995635  -18.045736151598536
18.647024639239373  -14.861454051920067
7.713899639166373  -2746.4490041842323
16.103658477593164  -35.804980150140416
20.23283142101863  -9.108379400905035
22.661642939961567  -4.614042150381966
18.953657778546827  -13.476447241963347
17.242104168907264  -23.772786483906
25.344241230016017  -2.358189219976658
15.53398676910699  -44.43234228753781
11.275825220788407  -301.76986461957296
6.050296161990522  -8682.85077519436
12.866671405641302  -137.2728358622454
21.35469853302291  -6.589429061450435
22.68162953507452  -4.589703815354379
14.60671823010136  -64.24877457397058
13.507292642329634  -102.64820491047475
7.666279173446423  -2841.769327298318
5.25626882255751  -7678.851288443251
19.354613402290543  -11.88622374337807
15.056062089581834  -53.58320542458527
13.817403449325734  -89.60767257066513
8.160274228746768  -2004.6554736556318
9.975836965989686  -624.084981348911
15.912774317179752  -38.45797750120148
18.02144598775047  -18.236608423457476
9.586364547309163  -789.0849435696088
14.655443126543267  -62.97974186331982
21.647767604559352  -6.072050487046352
16.348705838389826  -32.70575693834058
14.421998170129259  -69.33820674161517
14.485390518741841  -67.54039468537174
13.916165914382274  -85.86716459409519
14.201897316860132  -76.0280724642602
9.891758089026474  -656.0459464244553
11.928058198846617  -215.82365813585463
14.379221579473828  -70.58288088602151
11.743385747523977  -236.87816662141356
18.82362203329584  -14.044564815285584
13.3244414901972  -111.3708815052947
10.607216087613738  -433.9912069752708
5.421695141680568  -9469.248002192187
15.634555808873234  -42.74662915434578
5.999792334034024  -8910.571380468164
5.602373648343646  -9998.857423317415
5.872693369663309  -9432.483077171968
13.586404751333607  -99.1225564849457
9.463947654966985  -850.937228147904
15.790313265184729  -40.28074886689103
10.575799954338988  -441.696093187555
10.472165754702587  -468.2580515553535
6.406693020750772  -6995.911690097913
20.499599833306526  -8.42008097687903
17.10135923138939  -24.970363904381223
15.612645468961688  -43.107440608414805
11.51914538781831  -265.7321652774897
16.632435326057344  -29.500155699741224
6.227898030356739  -7842.87387235006
13.997626768982174  -82.91831625792103
17.714503202290334  -20.215593664019426
21.958129941884998  -5.575032068351567
17.427532229829218  -22.29576478587903
7.893332986401571  -2417.2029380872013
6.42596468537605  -6906.787509539453
15.709447615961837  -41.53964834521188
14.65547620936319  -62.97889020425501
10.057975237189728  -594.5825497456581
10.443120565272885  -476.03079157432575
11.310162249293885  -296.3555114638002
17.369499096379464  -22.746211667514935
9.331013886917178  -924.4905046221961
18.95982283818651  -13.450185079513377
5.4826218126997635  -9773.229001073685
8.055048729872823  -2157.196221018733
13.738415668061057  -92.73628902147117
5.68724661416149  -9941.479962667721
11.187910535940405  -316.1636785241105
17.595819081561867  -21.047203101179957
13.069245759253581  -125.02963630624372
10.9309756548746  -363.01975038809206
11.352183470954136  -289.8821527347822
18.738099733694  -14.433443164357842
17.378046258638733  -22.679207663363186
6.717140224921313  -5646.734957463931
6.430493142514966  -6885.929259701653
11.839911208181094  -225.5895889600084
14.02597124716127  -81.9200429434799
15.395840151280629  -46.87592076009342
6.167239697282092  -8133.2708967646795
18.68244121473815  -14.69327654945266
21.51047075864649  -6.308295361506425
9.30712996237326  -938.4639406434612
15.559841633549826  -43.99168115898608
16.44687047874683  -31.552763165383393
10.052579626353848  -596.4704585749578
12.769507224043652  -143.63728863380857
11.899306306102616  -218.95412356545688
13.655777723580384  -96.14654902599685
16.677769301679117  -29.022631799469988
18.429220908497253  -15.94648327058603
18.70228287635973  -14.600027829593902
15.437297143207592  -46.12652674805017
20.123779393985235  -9.408503336965312
10.953316553864274  -358.64011062553215
4.994595409619332  262.0998806981056
20.51362485489758  -8.385606690359229
5.382738734616578  -9188.979082751493
23.056193286216313  -4.160152167431989
18.45553800983724  -15.810586969150819
13.94155788151433  -84.93507184505837
21.831244178369886  -5.772266969371831
10.127983626200809  -570.7012012977439
13.405881170234474  -107.38341238806944
13.881170786532628  -87.17137006084212
14.710949351694842  -61.56952236513425
10.75135671281166  -400.5754889309199
13.537728606127462  -101.27480596414462
16.14594275928932  -35.24653063962445
15.925189066854939  -38.27861646312135
20.519569688429115  -8.371043661630459
13.993226632542987  -83.07455356242485
7.095265342518098  -4298.660505715239
9.079047363211794  -1084.8008394269234
12.904045012788114  -134.91260858839905
18.898126107420985  -13.715718650254635
11.323798799720846  -294.23659211201425
13.336202172240345  -110.78453464376337
10.784324798187313  -393.35713217735594
6.006660072077273  -8880.109460694654
11.14281437587716  -323.85524925426506
12.681544740072386  -149.6968131952424
10.687528405686718  -414.9911503096412
14.954820716848474  -55.79376992002506
18.25411488583329  -16.886198277684652
15.391772498864379  -46.95021103142367
12.92245036987011  -133.767643424006
15.87986854685024  -38.938141144413045
10.800184873210153  -389.93829979535616
7.603633898077232  -2972.611084213195
15.81736922787012  -39.869517104344595
7.100023476535239  -4283.803207473749
18.95953490911451  -13.451410281430158
15.212460887219569  -50.36574875449472
14.938037880039214  -56.1704014732312
17.197309897629985  -24.146517714589287
7.692403054856277  -2789.044721988578
7.428119776449049  -3374.484093998117
14.162918257322945  -77.28975316170816
