16  42  32
16  42  33
16  42  34
16  42  35
16  42  36
16  42  37
16  43  32
16  43  33
16  43  34
16  43  35
16  43  36
16  43  37
16  44  32
16  44  33
16  44  34
16  44  35
16  44  36
16  44  37
16  45  32
16  45  33
16  45  34
16  45  35
16  45  36
16  45  37
16  46  32
16  46  33
16  46  34
16  46  35
16  46  36
16  46  37
16  47  32
16  47  33
16  47  34
16  47  35
16  47  36
16  47  37
16  48  32
16  48  33
16  48  34
16  48  35
16  48  36
16  48  37
16  49  32
16  49  33
16  49  34
16  49  35
16  49  36
16  49  37
16  50  32
16  50  33
16  50  34
16  50  35
16  50  36
16  50  37
16  51  32
16  51  33
16  51  34
16  51  35
16  51  36
16  51  37
16  52  32
16  52  33
16  52  34
16  52  35
16  52  36
16  52  37
16  53  32
16  53  33
16  53  34
16  53  35
16  53  36
16  53  37
17  42  32
17  42  33
17  42  34
17  42  35
17  42  36
17  42  37
17  43  32
17  43  33
17  43  34
17  43  35
17  43  36
17  43  37
17  44  32
17  44  33
17  44  34
17  44  35
17  44  36
17  44  37
17  45  32
17  45  33
17  45  34
17  45  35
17  45  36
17  45  37
17  46  32
17  46  33
17  46  34
17  46  35
17  46  36
17  46  37
17  47  32
17  47  33
17  47  34
17  47  35
17  47  36
17  47  37
17  48  32
17  48  33
17  48  34
17  48  35
17  48  36
17  48  37
17  49  32
17  49  33
17  49  34
17  49  35
17  49  36
17  49  37
17  50  32
17  50  33
17  50  34
17  50  35
17  50  36
17  50  37
17  51  32
17  51  33
17  51  34
17  51  35
17  51  36
17  51  37
17  52  32
17  52  33
17  52  34
17  52  35
17  52  36
17  52  37
17  53  32
17  53  33
17  53  34
17  53  35
17  53  36
17  53  37
18  42  32
18  42  33
18  42  34
18  42  35
18  42  36
18  42  37
18  43  32
18  43  33
18  43  34
18  43  35
18  43  36
18  43  37
18  44  32
18  44  33
18  44  34
18  44  35
18  44  36
18  44  37
18  45  32
18  45  33
18  45  34
18  45  35
18  45  36
18  45  37
18  46  32
18  46  33
18  46  34
18  46  35
18  46  36
18  46  37
18  47  32
18  47  33
18  47  34
18  47  35
18  47  36
18  47  37
18  48  32
18  48  33
18  48  34
18  48  35
18  48  36
18  48  37
18  49  32
18  49  33
18  49  34
18  49  35
18  49  36
18  49  37
18  50  32
18  50  33
18  50  34
18  50  35
18  50  36
18  50  37
18  51  32
18  51  33
18  51  34
18  51  35
18  51  36
18  51  37
18  52  32
18  52  33
18  52  34
18  52  35
18  52  36
18  52  37
18  53  32
18  53  33
18  53  34
18  53  35
18  53  36
18  53  37
19  42  32
19  42  33
19  42  34
19  42  35
19  42  36
19  42  37
19  43  32
19  43  33
19  43  34
19  43  35
19  43  36
19  43  37
19  44  32
19  44  33
19  44  34
19  44  35
19  44  36
19  44  37
19  45  32
19  45  33
19  45  34
19  45  35
19  45  36
19  45  37
19  46  32
19  46  33
19  46  34
19  46  35
19  46  36
19  46  37
19  47  32
19  47  33
19  47  34
19  47  35
19  47  36
19  47  37
19  48  32
19  48  33
19  48  34
19  48  35
19  48  36
19  48  37
19  49  32
19  49  33
19  49  34
19  49  35
19  49  36
19  49  37
19  50  32
19  50  33
19  50  34
19  50  35
19  50  36
19  50  37
19  51  32
19  51  33
19  51  34
19  51  35
19  51  36
19  51  37
19  52  32
19  52  33
19  52  34
19  52  35
19  52  36
19  52  37
19  53  32
19  53  33
19  53  34
19  53  35
19  53  36
19  53  37
20  42  32
20  42  33
20  42  34
20  42  35
20  42  36
20  42  37
20  43  32
20  43  33
20  43  34
20  43  35
20  43  36
20  43  37
20  44  32
20  44  33
20  44  34
20  44  35
20  44  36
20  44  37
20  45  32
20  45  33
20  45  34
20  45  35
20  45  36
20  45  37
20  46  32
20  46  33
20  46  34
20  46  35
20  46  36
20  46  37
20  47  32
20  47  33
20  47  34
20  47  35
20  47  36
20  47  37
20  48  32
20  48  33
20  48  34
20  48  35
20  48  36
20  48  37
20  49  32
20  49  33
20  49  34
20  49  35
20  49  36
20  49  37
20  50  32
20  50  33
20  50  34
20  50  35
20  50  36
20  50  37
20  51  32
20  51  33
20  51  34
20  51  35
20  51  36
20  51  37
20  52  32
20  52  33
20  52  34
20  52  35
20  52  36
20  52  37
20  53  32
20  53  33
20  53  34
20  53  35
20  53  36
20  53  37
21  42  32
21  42  33
21  42  34
21  42  35
21  42  36
21  42  37
21  43  32
21  43  33
21  43  34
21  43  35
21  43  36
21  43  37
21  44  32
21  44  33
21  44  34
21  44  35
21  44  36
21  44  37
21  45  32
21  45  33
21  45  34
21  45  35
21  45  36
21  45  37
21  46  32
21  46  33
21  46  34
21  46  35
21  46  36
21  46  37
21  47  32
21  47  33
21  47  34
21  47  35
21  47  36
21  47  37
21  48  32
21  48  33
21  48  34
21  48  35
21  48  36
21  48  37
21  49  32
21  49  33
21  49  34
21  49  35
21  49  36
21  49  37
21  50  32
21  50  33
21  50  34
21  50  35
21  50  36
21  50  37
21  51  32
21  51  33
21  51  34
21  51  35
21  51  36
21  51  37
21  52  32
21  52  33
21  52  34
21  52  35
21  52  36
21  52  37
21  53  32
21  53  33
21  53  34
21  53  35
21  53  36
21  53  37
22  42  32
22  42  33
22  42  34
22  42  35
22  42  36
22  42  37
22  43  32
22  43  33
22  43  34
22  43  35
22  43  36
22  43  37
22  44  32
22  44  33
22  44  34
22  44  35
22  44  36
22  44  37
22  45  32
22  45  33
22  45  34
22  45  35
22  45  36
22  45  37
22  46  32
22  46  33
22  46  34
22  46  35
22  46  36
22  46  37
22  47  32
22  47  33
22  47  34
22  47  35
22  47  36
22  47  37
22  48  32
22  48  33
22  48  34
22  48  35
22  48  36
22  48  37
22  49  32
22  49  33
22  49  34
22  49  35
22  49  36
22  49  37
22  50  32
22  50  33
22  50  34
22  50  35
22  50  36
22  50  37
22  51  32
22  51  33
22  51  34
22  51  35
22  51  36
22  51  37
22  52  32
22  52  33
22  52  34
22  52  35
22  52  36
22  52  37
22  53  32
22  53  33
22  53  34
22  53  35
22  53  36
22  53  37
23  42  32
23  42  33
23  42  34
23  42  35
23  42  36
23  42  37
23  43  32
23  43  33
23  43  34
23  43  35
23  43  36
23  43  37
23  44  32
23  44  33
23  44  34
23  44  35
23  44  36
23  44  37
23  45  32
23  45  33
23  45  34
23  45  35
23  45  36
23  45  37
23  46  32
23  46  33
23  46  34
23  46  35
23  46  36
23  46  37
23  47  32
23  47  33
23  47  34
23  47  35
23  47  36
23  47  37
23  48  32
23  48  33
23  48  34
23  48  35
23  48  36
23  48  37
23  49  32
23  49  33
23  49  34
23  49  35
23  49  36
23  49  37
23  50  32
23  50  33
23  50  34
23  50  35
23  50  36
23  50  37
23  51  32
23  51  33
23  51  34
23  51  35
23  51  36
23  51  37
23  52  32
23  52  33
23  52  34
23  52  35
23  52  36
23  52  37
23  53  32
23  53  33
23  53  34
23  53  35
23  53  36
23  53  37
24  42  32
24  42  33
24  42  34
24  42  35
24  42  36
24  42  37
24  43  32
24  43  33
24  43  34
24  43  35
24  43  36
24  43  37
24  44  32
24  44  33
24  44  34
24  44  35
24  44  36
24  44  37
24  45  32
24  45  33
24  45  34
24  45  35
24  45  36
24  45  37
24  46  32
24  46  33
24  46  34
24  46  35
24  46  36
24  46  37
24  47  32
24  47  33
24  47  34
24  47  35
24  47  36
24  47  37
24  48  32
24  48  33
24  48  34
24  48  35
24  48  36
24  48  37
24  49  32
24  49  33
24  49  34
24  49  35
24  49  36
24  49  37
24  50  32
24  50  33
24  50  34
24  50  35
24  50  36
24  50  37
24  51  32
24  51  33
24  51  34
24  51  35
24  51  36
24  51  37
24  52  32
24  52  33
24  52  34
24  52  35
24  52  36
24  52  37
24  53  32
24  53  33
24  53  34
24  53  35
24  53  36
24  53  37
25  42  32
25  42  33
25  42  34
25  42  35
25  42  36
25  42  37
25  43  32
25  43  33
25  43  34
25  43  35
25  43  36
25  43  37
25  44  32
25  44  33
25  44  34
25  44  35
25  44  36
25  44  37
25  45  32
25  45  33
25  45  34
25  45  35
25  45  36
25  45  37
25  46  32
25  46  33
25  46  34
25  46  35
25  46  36
25  46  37
25  47  32
25  47  33
25  47  34
25  47  35
25  47  36
25  47  37
25  48  32
25  48  33
25  48  34
25  48  35
25  48  36
25  48  37
25  49  32
25  49  33
25  49  34
25  49  35
25  49  36
25  49  37
25  50  32
25  50  33
25  50  34
25  50  35
25  50  36
25  50  37
25  51  32
25  51  33
25  51  34
25  51  35
25  51  36
25  51  37
25  52  32
25  52  33
25  52  34
25  52  35
25  52  36
25  52  37
25  53  32
25  53  33
25  53  34
25  53  35
25  53  36
25  53  37
26  42  32
26  42  33
26  42  34
26  42  35
26  42  36
26  42  37
26  43  32
26  43  33
26  43  34
26  43  35
26  43  36
26  43  37
26  44  32
26  44  33
26  44  34
26  44  35
26  44  36
26  44  37
26  45  32
26  45  33
26  45  34
26  45  35
26  45  36
26  45  37
26  46  32
26  46  33
26  46  34
26  46  35
26  46  36
26  46  37
26  47  32
26  47  33
26  47  34
26  47  35
26  47  36
26  47  37
26  48  32
26  48  33
26  48  34
26  48  35
26  48  36
26  48  37
26  49  32
26  49  33
26  49  34
26  49  35
26  49  36
26  49  37
26  50  32
26  50  33
26  50  34
26  50  35
26  50  36
26  50  37
26  51  32
26  51  33
26  51  34
26  51  35
26  51  36
26  51  37
26  52  32
26  52  33
26  52  34
26  52  35
26  52  36
26  52  37
26  53  32
26  53  33
26  53  34
26  53  35
26  53  36
26  53  37
27  42  32
27  42  33
27  42  34
27  42  35
27  42  36
27  42  37
27  43  32
27  43  33
27  43  34
27  43  35
27  43  36
27  43  37
27  44  32
27  44  33
27  44  34
27  44  35
27  44  36
27  44  37
27  45  32
27  45  33
27  45  34
27  45  35
27  45  36
27  45  37
27  46  32
27  46  33
27  46  34
27  46  35
27  46  36
27  46  37
27  47  32
27  47  33
27  47  34
27  47  35
27  47  36
27  47  37
27  48  32
27  48  33
27  48  34
27  48  35
27  48  36
27  48  37
27  49  32
27  49  33
27  49  34
27  49  35
27  49  36
27  49  37
27  50  32
27  50  33
27  50  34
27  50  35
27  50  36
27  50  37
27  51  32
27  51  33
27  51  34
27  51  35
27  51  36
27  51  37
27  52  32
27  52  33
27  52  34
27  52  35
27  52  36
27  52  37
27  53  32
27  53  33
27  53  34
27  53  35
27  53  36
27  53  37
41  10  57
41  10  58
41  10  59
41  11  57
41  11  58
41  11  59
41  12  57
41  12  58
41  12  59
41  13  57
41  13  58
41  13  59
41  14  57
41  14  58
41  14  59
41  15  57
41  15  58
41  15  59
41  16  57
41  16  58
41  16  59
41  17  57
41  17  58
41  17  59
41  18  57
41  18  58
41  18  59
41  19  57
41  19  58
41  19  59
41  20  57
41  20  58
41  20  59
41  21  57
41  21  58
41  21  59
42  10  57
42  10  58
42  10  59
42  11  57
42  11  58
42  11  59
42  12  57
42  12  58
42  12  59
42  13  57
42  13  58
42  13  59
42  14  57
42  14  58
42  14  59
42  15  57
42  15  58
42  15  59
42  16  57
42  16  58
42  16  59
42  17  57
42  17  58
42  17  59
42  18  57
42  18  58
42  18  59
42  19  57
42  19  58
42  19  59
42  20  57
42  20  58
42  20  59
42  21  57
42  21  58
42  21  59
43  10  57
43  10  58
43  10  59
43  11  57
43  11  58
43  11  59
43  12  57
43  12  58
43  12  59
43  13  57
43  13  58
43  13  59
43  14  57
43  14  58
43  14  59
43  15  57
43  15  58
43  15  59
43  16  57
43  16  58
43  16  59
43  17  57
43  17  58
43  17  59
43  18  57
43  18  58
43  18  59
43  19  57
43  19  58
43  19  59
43  20  57
43  20  58
43  20  59
43  21  57
43  21  58
43  21  59
44  10  57
44  10  58
44  10  59
44  11  57
44  11  58
44  11  59
44  12  57
44  12  58
44  12  59
44  13  57
44  13  58
44  13  59
44  14  57
44  14  58
44  14  59
44  15  57
44  15  58
44  15  59
44  16  57
44  16  58
44  16  59
44  17  57
44  17  58
44  17  59
44  18  57
44  18  58
44  18  59
44  19  57
44  19  58
44  19  59
44  20  57
44  20  58
44  20  59
44  21  57
44  21  58
44  21  59
45  10  57
45  10  58
45  10  59
45  11  57
45  11  58
45  11  59
45  12  57
45  12  58
45  12  59
45  13  57
45  13  58
45  13  59
45  14  57
45  14  58
45  14  59
45  15  57
45  15  58
45  15  59
45  16  57
45  16  58
45  16  59
45  17  57
45  17  58
45  17  59
45  18  57
45  18  58
45  18  59
45  19  57
45  19  58
45  19  59
45  20  57
45  20  58
45  20  59
45  21  57
45  21  58
45  21  59
46  10  57
46  10  58
46  10  59
46  11  57
46  11  58
46  11  59
46  12  57
46  12  58
46  12  59
46  13  57
46  13  58
46  13  59
46  14  57
46  14  58
46  14  59
46  15  57
46  15  58
46  15  59
46  16  57
46  16  58
46  16  59
46  17  57
46  17  58
46  17  59
46  18  57
46  18  58
46  18  59
46  19  57
46  19  58
46  19  59
46  20  57
46  20  58
46  20  59
46  21  57
46  21  58
46  21  59
47  10  57
47  10  58
47  10  59
47  11  57
47  11  58
47  11  59
47  12  57
47  12  58
47  12  59
47  13  57
47  13  58
47  13  59
47  14  57
47  14  58
47  14  59
47  15  57
47  15  58
47  15  59
47  16  57
47  16  58
47  16  59
47  17  57
47  17  58
47  17  59
47  18  57
47  18  58
47  18  59
47  19  57
47  19  58
47  19  59
47  20  57
47  20  58
47  20  59
47  21  57
47  21  58
47  21  59
48  10  57
48  10  58
48  10  59
48  11  57
48  11  58
48  11  59
48  12  57
48  12  58
48  12  59
48  13  57
48  13  58
48  13  59
48  14  57
48  14  58
48  14  59
48  15  57
48  15  58
48  15  59
48  16  57
48  16  58
48  16  59
48  17  57
48  17  58
48  17  59
48  18  57
48  18  58
48  18  59
48  19  57
48  19  58
48  19  59
48  20  57
48  20  58
48  20  59
48  21  57
48  21  58
48  21  59
49  10  57
49  10  58
49  10  59
49  11  57
49  11  58
49  11  59
49  12  57
49  12  58
49  12  59
49  13  57
49  13  58
49  13  59
49  14  57
49  14  58
49  14  59
49  15  57
49  15  58
49  15  59
49  16  57
49  16  58
49  16  59
49  17  57
49  17  58
49  17  59
49  18  57
49  18  58
49  18  59
49  19  57
49  19  58
49  19  59
49  20  57
49  20  58
49  20  59
49  21  57
49  21  58
49  21  59
50  10  57
50  10  58
50  10  59
50  11  57
50  11  58
50  11  59
50  12  57
50  12  58
50  12  59
50  13  57
50  13  58
50  13  59
50  14  57
50  14  58
50  14  59
50  15  57
50  15  58
50  15  59
50  16  57
50  16  58
50  16  59
50  17  57
50  17  58
50  17  59
50  18  57
50  18  58
50  18  59
50  19  57
50  19  58
50  19  59
50  20  57
50  20  58
50  20  59
50  21  57
50  21  58
50  21  59
51  10  57
51  10  58
51  10  59
51  11  57
51  11  58
51  11  59
51  12  57
51  12  58
51  12  59
51  13  57
51  13  58
51  13  59
51  14  57
51  14  58
51  14  59
51  15  57
51  15  58
51  15  59
51  16  57
51  16  58
51  16  59
51  17  57
51  17  58
51  17  59
51  18  57
51  18  58
51  18  59
51  19  57
51  19  58
51  19  59
51  20  57
51  20  58
51  20  59
51  21  57
51  21  58
51  21  59
52  10  57
52  10  58
52  10  59
52  11  57
52  11  58
52  11  59
52  12  57
52  12  58
52  12  59
52  13  57
52  13  58
52  13  59
52  14  57
52  14  58
52  14  59
52  15  57
52  15  58
52  15  59
52  16  57
52  16  58
52  16  59
52  17  57
52  17  58
52  17  59
52  18  57
52  18  58
52  18  59
52  19  57
52  19  58
52  19  59
52  20  57
52  20  58
52  20  59
52  21  57
52  21  58
52  21  59
