14.695529895621018  -61.95755196262501
9.847516576731275  -673.618474593854
15.36193526150372  -47.49936405331031
19.959194410852763  -9.883587637313493
5.000832269385484  -39.88581556753967
10.902238887388949  -368.74465649440344
23.707281822884358  -3.520069343193977
10.305487626575976  -514.9517741818166
17.275050394047447  -23.502208914029396
18.29939972279104  -16.637122208812027
6.944749783753563  -4795.165990965598
15.810461921362897  -39.974036202145264
15.065942674894085  -53.37298599303487
16.07551145453204  -36.182439288052336
5.680423842482443  -9951.24741254086
12.26594875308638  -182.6737151301169
15.597248819902537  -43.36311161043976
13.266017258190463  -114.33781951710043
15.174255897346463  -51.130423066146136
20.793777550777143  -7.730288468977887
14.176077299884776  -76.86111081287457
11.166776887426396  -319.7415334647939
9.228386739153413  -986.2742573103909
13.646837392545404  -96.52417643283061
20.472979541668316  -8.485970898049432
16.475888787815435  -31.221051859898182
11.278311596257856  -301.3739740108618
6.7177542372142325  -5644.2731876750195
6.810249262516886  -5283.555105917002
5.959919466171485  -9083.610536493296
13.697073429153702  -94.42444995485744
18.178246584983523  -17.313304878228
11.032643396707337  -343.57630051271417
15.241532533409346  -49.79280153138178
13.158754754361798  -120.02788923463433
11.70962471867475  -240.98043297680306
13.232928312190435  -116.05895206596983
10.680205804170921  -416.6830511146231
19.246432787475808  -12.292635547990942
5.387099174772593  -9224.058299146589
15.831808200326245  -39.6520586664201
16.125571259757525  -35.51429996649995
11.213383312586314  -311.9127635494862
11.922078755391132  -216.47038525690056
16.38472467748749  -32.27708159097859
6.676293763223659  -5812.465900436667
15.276294689026866  -49.117649846687726
11.150448364027257  -322.5380735542443
12.037079558954328  -204.4168044700003
18.980942267074134  -13.360671117306728
11.68483112670208  -244.04566668173254
14.840402645554374  -58.421165638521025
17.696894747262967  -20.3365200998671
6.32686769759082  -7370.479236241449
18.98469504894283  -13.344837884733264
15.462262269176763  -45.68198501017845
10.161147758090403  -559.7756850819576
12.77982379206767  -142.94547937188432
20.039921237629976  -9.647153192480419
21.398730958334205  -6.508504717940619
15.707944922840248  -41.5634724404616
8.06831278257741  -2137.2783815766156
8.730714297154272  -1361.3910879570096
15.623266621375782  -42.93209381580647
11.94424359963936  -214.08430437430593
10.167313735804452  -557.7710921664208
16.164406776249375  -35.00586557100192
11.808513793639424  -229.19149174329874
16.501917719916406  -30.926967491891794
5.647601483602207  -9986.374695827455
19.543931150567712  -11.21209291646909
5.7504820962314325  -9815.638862777027
11.924117657810148  -216.24960810688938
11.888337470017976  -220.16227645911195
5.077486342929848  -3214.9036223965854
18.51269451176955  -15.520067445599938
13.810207163452535  -89.88756360851715
15.440455715673789  -46.07000585808317
17.565822543274145  -21.263660010201562
7.12777780895165  -4198.139963103754
11.012404005551009  -347.34881201294337
19.58012924857797  -11.088332786991712
5.888848176642456  -9371.600142624458
16.16987673497489  -34.93493687010411
13.799432372643116  -90.30854240677363
9.36087789177598  -907.3522251438003
17.407591100646947  -22.449362406152893
12.806353821105201  -141.18415872116677
14.456714445422927  -68.34683770501545
13.762743647154128  -91.75931954027068
5.599357372399431  -9998.051132719378
18.101630316260685  -17.757463982097896
14.792039182922752  -59.57491750816517
11.161328674312834  -320.671496046929
15.599447147895848  -43.32649903511231
18.0730320396603  -17.92664999196956
18.22858761535192  -17.028519627092763
13.175533178469855  -119.11644339337693
9.339789780428308  -919.4160590923793
13.125400891906258  -121.86397670422937
16.183965004618848  -34.75302513553255
10.335742940612553  -506.0899385231342
6.4479918130097555  -6805.643763036505
12.16104163157008  -192.2880996172575
6.59965487564903  -6133.660023015376
14.356033447511514  -71.26846165979069
9.45597238289473  -855.1560444809874
16.408055788419926  -32.00290398406304
8.545595270270248  -1540.4330297360946
10.027919719993248  -605.187356918097
11.192960496198191  -315.31562406982414
6.07606560641778  -8563.846811566675
16.10473039545172  -35.79069644074544
14.786415429805956  -59.71079273040531
5.7011236086113035  -9919.172981619424
15.448378507558187  -45.92858679344324
12.029229173025504  -205.21438142737196
12.890577167624837  -135.7576489012139
10.2002089162301  -547.215679596039
5.920708741196621  -9246.22621363581
9.160354411177984  -1029.8329253258767
9.662651943202865  -753.1537046916925
6.269224302535184  -7644.988669291723
9.352460267305371  -912.1458128605377
5.6002843343944  -9998.322039116267
12.627711734181235  -153.5519056583889
11.948080021212546  -213.67441729484773
5.922887094369017  -9237.418396550402
8.484741460095515  -1604.977852523605
6.498709147793682  -6575.953691363788
9.743566781435367  -717.0814596386558
6.341635317223078  -7300.611773721486
11.57847301811195  -257.7191575790163
6.965562649403984  -4723.400311147285
13.908543101821737  -86.14930587935679
13.71715982343716  -93.5998153278337
13.136587318598217  -121.24455780990489
6.258399403202907  -7696.770392403431
10.75218399588305  -400.3924892967782
11.275443318755563  -301.8307260190002
15.975544572272632  -37.56103928735295
8.79390837575763  -1305.7559627772239
15.225199531989347  -50.113753356271566
9.386015572387578  -893.2078902567172
10.851029403066699  -379.2078904881765
11.870956872141617  -222.09254506216155
5.244104009658069  -7474.667661364749
17.284519372544942  -23.42510857719224
10.391100079210876  -490.32782760848795
10.312784822171706  -512.798118674312
18.96541188997391  -13.42642819361261
14.357513401849733  -71.22447418467932
8.545973005221448  -1540.0416177678903
12.20966970489924  -187.76015646266686
5.570987919745723  -9979.444694189313
6.594028707602108  -6157.751538756547
13.68971690086653  -94.7285825757444
10.612052168718147  -432.8190092006002
9.61877642741984  -773.5836298681413
7.744477222864618  -2687.064308792707
17.910772386307514  -18.92293638249342
13.521021108463861  -102.0260508116837
9.589760997979182  -787.443933083739
11.178480556736863  -317.75437447356364
6.68794498954011  -5764.79907724339
5.747446109230267  -9823.011628154401
11.701345843294412  -241.99895147265593
17.04679328827862  -25.453483445705647
12.311697669473554  -178.6567775849851
14.574242708373367  -65.11114965813766
10.888589082208233  -371.50055699482385
13.87562848522067  -87.38003157397115
10.041086159975777  -600.5150821763978
14.563857200265883  -65.38977419926044
16.50253551255585  -30.920026786093786
19.790661745831486  -10.399325397509992
12.788238054632897  -142.38410466421416
14.273794065538535  -73.76330339258811
15.050066018765824  -53.71124839588057
10.394344520849002  -489.4217629512107
14.418680084362249  -69.4338333299408
8.522388796750564  -1564.6960358872277
18.25378176199175  -16.888046576809476
15.026398831772417  -54.220143000354966
9.686824331400954  -742.1634330356864
7.677521726154073  -2818.94877081598
20.991898043051656  -7.302817644630785
7.7102054600505685  -2753.7188644531
15.76986103908722  -40.594892235640145
15.748060397442192  -40.932896738932676
6.061397738081358  -8631.781187504177
17.61896914945202  -20.881906481093502
12.250575195304265  -184.04708140896977
16.55337785081255  -30.355004075231548
8.852348805811408  -1256.5905761864105
10.914156004282345  -366.3579385654686
15.735499660066255  -41.12913214232793
11.843968433596867  -225.1289602769558
13.90922762349649  -86.12392576084771
18.997328782022183  -13.291695960711051
15.952615863679654  -37.88581604386884
13.874574388309256  -87.41978297497373
10.523029696823949  -454.99716068879263
9.34279622953237  -917.6849921962792
17.48972575357401  -21.82452843979209
13.49279469393366  -103.3100327264441
11.680675774020608  -244.5638124049865
6.984787499063746  -4658.007117006657
10.300237848727237  -516.5076288267729
7.281499977487621  -3753.6980040202116
15.686031739051133  -41.912706142804666
15.689292368340706  -41.86052498698337
14.106936361897082  -79.14471321842984
12.547305165038127  -159.52720432686317
13.922602914489728  -85.62975144721919
10.664097902077634  -420.4329885277518
8.637993071780127  -1447.9463275340345
11.404916767858449  -281.9893736728854
18.969187578785263  -13.410406907471453
14.680508293171886  -62.33831278525553
7.004294760804566  -4592.528837957827
9.776867118660045  -702.8160443435445
10.69562052676178  -413.1306921985938
5.421007195149575  -9464.921255998244
16.59073694848007  -29.94749050186553
5.67009379328153  -9964.467929220218
15.231416798704576  -49.99129745136018
10.750456488823476  -400.7747335397583
12.446641639341532  -167.39324891499558
10.957460216949167  -357.8345474272137
5.567894788619816  -9976.159142863959
11.50530837498169  -267.64241450642436
15.3298130847095  -48.09896016948018
13.77601076550237  -91.23158832150217
13.249813475400149  -115.17692423818308
9.321408536127958  -930.0813496273705
5.258283161174139  -7711.521626540336
14.372464316632326  -70.78186974809297
5.855041398408918  -9496.706068151176
11.4781600570006  -271.43685312605396
9.925311347192707  -643.0703425366393
13.164950643032677  -119.69037081116306
13.490036675730037  -103.43649744116624
16.55504380234007  -30.336694666813234
15.556840472426433  -44.04256966209026
14.516555614808873  -66.67649713256618
10.507058953527922  -459.11360438385225
16.141717056212766  -35.301880557245624
7.115060833858276  -4237.179406367091
9.42286519109946  -872.9276349820061
8.58529415999434  -1499.9031519615019
18.069598930263147  -17.94708621946196
14.488386337247377  -67.45678620687377
8.14112248327544  -2031.504899570637
6.027097748521622  -8788.469043654995
16.95183341220414  -26.320486275260908
18.769525376502894  -14.289105653508313
9.0959691011501  -1073.0903756337677
15.440130823470223  -46.07581589605446
22.489570546573812  -4.829927294937773
17.08290144349531  -25.13258004358507
14.241090018550265  -74.78360353440698
12.96780641160168  -130.99406463622088
11.504518311416039  -267.75196583545045
8.399527844922199  -1700.5315264531675
18.422409911560607  -15.981875518205404
22.38673065845304  -4.964574818741029
17.637537678587687  -20.750416576044106
13.131028137967876  -121.55192350500063
9.499590668624537  -832.3718921832804
11.826588826584244  -227.10983728929517
16.135867362735446  -35.37866947329305
18.948568424573907  -13.498172145816453
22.430485728531938  -4.906758274530948
23.842729622081375  -3.4017879221817124
20.333084283227592  -8.842283120927124
15.446946523639776  -45.95410969849421
21.81105000750107  -5.804402790100332
11.628907597787814  -251.12727171264788
20.26332190873755  -9.026473627548562
12.640853778287394  -152.6002245890002
17.505252116645863  -21.708704445166926
18.632324315523228  -14.9319179740164
15.804431264883439  -40.0655513912198
10.286996190155197  -520.4561841286347
8.672071192176153  -1415.430916851894
5.696278887019888  -9927.324876178931
13.65059032486072  -96.36544770472818
7.307752590484552  -3682.701670040986
10.686298850895623  -415.274684945568
11.708012282981684  -241.17841377173062
5.467163583371658  -9710.158916686347
12.665911326134548  -150.80463151150883
9.466237748650151  -849.7302119455572
6.572496959418054  -6250.579445372184
11.340212743329399  -291.7093785718164
13.61524472009683  -97.87251493099947
14.85217693188586  -58.14423457795873
9.11550802731533  -1059.7476933591115
6.2488501444543765  -7742.48740727959
10.209200155016099  -544.3708183504203
11.410100313004822  -281.2270841593511
6.762271407410637  -5468.14312238616
5.3657678598023235  -9042.96999280347
10.785965407987508  -393.00187367275083
9.50180374357688  -831.2345763931772
12.063708333874088  -201.73810788086257
9.317190897341916  -932.5484684270828
13.398230204960784  -107.75086340813566
5.062952615230619  -2683.6909588538883
9.81441061496675  -687.122885504027
5.5868012103596  -9992.321391251844
7.336217586873454  -3607.277235757469
11.991552914758218  -209.09287824457664
12.215101707796268  -187.26210127974264
5.923556771880186  -9234.70495834179
10.411134935099865  -484.7635662948013
12.17782532825501  -190.7111072315407
5.25321671195532  -7628.738514334485
10.488251016621927  -464.01667523439806
14.944768728908345  -56.018996520292696
13.761973797119374  -91.79005114406294
6.314346459520551  -7429.885919171324
6.031944283868373  -8766.535780422055
7.897061018115673  -2410.8353324831405
9.180325838098769  -1016.8221036505889
10.508753728420075  -458.67474102805954
14.280763481132245  -73.54797343033397
9.870453927507386  -664.441112260066
11.083244514367426  -334.3505064444138
11.889032115213434  -220.0855360173212
8.51022089269399  -1577.589660933837
10.21644552406603  -542.0907750474393
13.233677953957024  -116.01962670432788
15.286156710233254  -48.928056472842066
18.497695050499722  -15.595700888633866
14.296635555539966  -73.06031061350052
15.436065411181874  -46.14858980894746
14.000768630475802  -82.80696644513652
10.184629312994877  -552.1858569874495
15.829647339145554  -39.68451421023402
5.8916333350548475  -9360.911978336453
15.811242431422045  -39.96220978506261
10.91962487679779  -365.26864688200106
13.54711376763964  -100.85563275339186
11.88618977575701  -220.3997382214257
14.769056685164935  -60.13248005459995
5.469994155883425  -9722.38285694018
10.910934973384649  -367.00126556677424
17.749593303224824  -19.97710337674146
11.125044907570102  -326.9454413263474
11.880246056597338  -221.0584639264884
9.972158844180898  -625.445058939983
5.95255035984712  -9114.795277168281
5.3855160025789806  -9211.434452418625
14.973571227538189  -55.3764569649873
18.585901529667638  -15.157011053098849
13.066062329150594  -125.21194574080606
8.995445632116562  -1144.8369961474586
6.04160206078096  -8722.61646049341
10.382637022712137  -492.7004160704078
10.625737707705195  -429.52162919713334
13.09288800966835  -123.6853124442758
17.0735711497669  -25.215046707694892
17.904642366581168  -18.961823129633295
15.32023180609858  -48.27951052695034
10.559163305927441  -445.84030975232855
17.34229916533851  -22.96098230691543
5.8910956577333415  -9362.979596745832
14.557538787982685  -65.55996560138107
7.642228254349748  -2891.2577079502694
12.756968728291378  -144.4833476009268
15.133706232671896  -51.95687282664992
11.479766798404372  -271.2105526623672
12.494305017341482  -163.6138182097268
8.351989387516754  -1756.601415361732
11.899795251033463  -218.90044875803156
6.425991328267226  -6906.664695741129
9.890672214687157  -656.4708826138391
9.786771643812052  -698.6362683659943
6.756923478010375  -5489.0557179719735
9.833583116481236  -679.2645616209531
15.043415439352955  -53.853685410368826
10.290816096505951  -519.3135518458527
9.667755097853213  -750.8180023404553
4.974905076967865  1263.5795649662373
8.811826394205369  -1290.4534336221343
15.269686053204177  -49.24517743191953
10.42211314897359  -481.745565314113
7.436481075575358  -3354.095508607454
5.419178393807992  -9453.31490114118
7.751159913769317  -2674.271586163982
9.477009347321719  -844.0792064577539
11.845197333339577  -224.98965537518086
14.892727848608937  -57.20211639890464
9.694768502151794  -738.591849074376
10.375712492582325  -494.6515566580976
12.039572778730475  -204.16425464021685
5.17178099834791  -5992.011221788332
11.000251089161614  -349.6371150956076
6.760865126613633  -5473.635719444014
15.433038804303013  -46.20285534371764
15.167910757228332  -51.25872759151712
5.4070109942380675  -9372.168401155373
12.894718982950899  -135.4971163807568
13.482871045936971  -103.76590997377386
10.047405475145649  -598.2873749564146
13.557804738948999  -100.38059696484582
10.216589796917146  -542.0454859420029
13.82395621022071  -89.35369335398995
6.099559049042651  -8454.089332519212
11.378656883728858  -285.88817972089396
8.482371706932847  -1607.5521952072866
18.760692055112997  -14.329506176319116
18.08196007899477  -17.873631101348813
18.814930759481236  -14.083522116145092
7.182821374535697  -4033.2325082981274
11.650660949749778  -248.34464684942685
9.628558527489956  -768.9741607118266
15.785549490234098  -40.35366585799545
4.839978996805016  10478.282977491808
17.83056233140358  -19.439207925036428
6.87962037492547  -5026.31401253071
14.818958681735309  -58.92948656232805
10.578504549215772  -441.0265936421199
9.92920970581915  -641.5820399797581
20.96077189955835  -7.36811449007603
12.928472493944176  -133.39547582642462
10.55191730275002  -447.6593510616884
12.791159008261062  -142.18982742901846
14.190078536556907  -76.40807271804638
12.012765287705884  -206.8988418658347
9.512621954191392  -825.700610984899
5.407025254470379  -9372.267565952106
8.35592467492776  -1751.8821153912315
10.54610317157356  -449.125144065104
13.343323416467424  -110.43124127515134
15.291787955598524  -48.820180704288866
10.418052378867857  -482.85936629246015
5.948379916893791  -9132.322515210159
10.37812566217402  -493.9705804233245
5.3795552786001855  -9162.749456466368
10.680779179367654  -416.5502839594936
11.60210526732581  -254.6056805769149
15.16020817329032  -51.41498549035202
16.283387525937208  -33.50019103441403
15.8776041895489  -38.97143906651744
13.477148429332658  -104.02986305952214
15.502113499494177  -44.98267980059597
7.940919480548016  -2337.2870574507383
15.695680871089895  -41.75850662005037
5.71213983553641  -9899.229972839157
11.11562549259544  -328.5973804997937
10.929640440126489  -363.2834582663005
15.036267209438734  -54.00727188585536
14.699412828368573  -61.85957040420004
9.593174102251758  -785.7988229458897
11.38445846289063  -285.02146321843037
13.23022377145334  -116.20095826773532
5.6764324623046996  -9956.58267014173
9.029883820475998  -1119.6590377445593
9.737340107523659  -719.7856933170702
14.727565341978995  -61.15454831929913
9.795847657527126  -694.8312259072565
15.888498461344929  -38.81153989595986
13.106592923095388  -122.91374165970602
17.498114992029763  -21.761856913399768
4.928577145302077  3931.604017949546
10.173622023966445  -555.7288022291922
11.116161804511577  -328.5030648359235
14.677351928226258  -62.41866520006051
5.376833513680947  -9139.90467489962
12.798038071668442  -141.7335074537063
10.601896707444112  -435.2847941905956
10.350513859617369  -501.8275922216904
7.70745665053684  -2759.1417777398474
8.251270727200934  -1882.3589393627522
17.68954869736429  -20.387218502250395
14.590239161712743  -64.6846953851036
5.490121204535985  -9800.650352531462
14.453773696339242  -68.43017149592286
11.456443579100547  -274.51710024615534
10.617662239211537  -431.46379435757
14.852087599809924  -58.14632989981478
20.291476087764902  -8.951605826284
9.61227716383854  -776.6637281783617
5.512715670570062  -9871.373906643385
5.668688271368741  -9966.117210164692
14.97375474172665  -55.37239067118571
21.367866496663517  -6.565106117778432
15.074568301185975  -53.190252631389434
10.653158172400133  -423.00204469673275
8.566328397147633  -1519.1139929493725
5.676498781174775  -9956.496338582248
10.472252906707684  -468.23495076447284
12.47619251021662  -165.03822367841295
20.36124818904169  -8.769167990103464
6.944441376894383  -4796.237035869099
16.378753093677872  -32.34769678369217
14.457046149712067  -68.33744542277424
10.229672224778021  -537.9568416391451
16.51574035378352  -30.77210795088603
6.1533242850985665  -8199.638540724005
19.144513070507426  -12.690426507891047
16.14211265406741  -35.296694563836716
14.297808479548927  -73.02442274987045
6.838619189326861  -5176.973857986931
11.248428878042544  -306.17220732773245
15.655195333891827  -42.409961505424604
17.664124141226594  -20.56382629660142
11.92403785002271  -216.2582449599251
10.957030628871884  -357.9179654928539
10.295400558171986  -517.9460448331536
16.689901180186972  -28.89637381576977
6.67181398862606  -5830.876205306113
5.996400281393289  -8925.550934615898
11.306222998076535  -296.97090543562285
8.650229534360047  -1436.1748409806626
10.37676349763337  -494.35483857098154
6.423621386139539  -6917.5936407513445
14.581144259020434  -64.92675854108467
5.826277466948142  -9595.666473529862
5.670246372010809  -9964.286705258986
9.217366030950451  -993.1853449953718
9.788194773208188  -698.0380513454857
16.117740523042368  -35.61786017474472
9.20449319010044  -1001.3280898122234
5.6714473503991485  -9962.845376643198
11.389363477534078  -284.2910655574071
14.3413882017969  -71.7054611285397
5.5722718032257905  -9980.73344814289
8.906378418160712  -1212.9984081269527
6.8367994105933025  -5183.7531229572
14.540764329932829  -66.01430894274274
17.51712224295267  -21.620638705161088
10.70933713670872  -409.9991162887254
10.598461257828566  -436.122611020668
13.30116107413274  -112.54225162338007
12.759576131148226  -144.30693159384714
18.235841485019673  -16.987935559448236
13.196257933316813  -118.0017231395825
19.725638745114516  -10.606652976280596
9.819024315872419  -685.2223281582249
14.551916228494331  -65.7118478300229
16.69650203460274  -28.827946977870365
7.189431040339084  -4013.869661573323
18.912193978069887  -13.654638469436561
6.718968952566799  -5639.405599840415
16.204781778239763  -34.48625066807025
10.809947091602842  -387.8510457153612
14.149519663821302  -77.72906290414778
9.767906011568243  -706.6224982439518
10.60215073604077  -435.2229171976444
7.23922617675804  -3870.9680600056704
9.528622867245105  -817.5927950452274
15.318777623143113  -48.30698225885541
5.668901708619805  -9965.869097641478
10.744746880331649  -402.04110382598213
11.535637149794088  -263.4760568578177
12.966016813731088  -131.10222456751686
16.173781033695533  -34.88441248655123
15.099189618647989  -52.67264941376324
17.544768250492137  -21.417140259544837
12.19089855568471  -189.49316145576526
12.014154253517008  -206.75611430267062
16.631474783094784  -29.510372227066405
5.596984865431636  -9997.263700198986
14.28632156636815  -73.37677333749951
5.905345559121097  -9307.51218266773
17.113931464162246  -24.86057186521308
5.73793393949418  -9845.301599661077
12.114361682853028  -196.75448110818292
16.03396043190411  -36.748162921422654
10.101057333985759  -579.7529680036583
10.836440530992663  -382.25139269825064
8.019030918531595  -2212.323503542514
13.619537632409427  -97.6880166718363
5.337704902822648  -8766.519485580131
8.931065228044346  -1193.6544720779013
12.54407108915862  -159.77314219199866
13.786270553306744  -90.82590389687209
9.672222559097396  -748.780087394861
8.747392194673145  -1346.4516206760302
13.293768178013801  -112.91722676827939
4.9160053416712195  4737.753101323055
8.805308027949602  -1295.9966563478765
5.704139019164303  -9913.906300799783
12.908157585408684  -134.65578627201464
14.019971711458158  -82.1301691608047
6.748653565704183  -5521.527169925651
16.06786050970126  -36.285841125488886
20.814907937632405  -7.6833321174253495
15.187097093702334  -50.87190595647558
13.566790881788767  -99.98332702963909
5.982575320794524  -8986.12834213487
15.614564020305771  -43.07570515569144
10.865456061447594  -376.2257984166337
14.583404807528808  -64.8664950306301
18.165629053387253  -17.385551974613698
19.2058302198403  -12.44933848175403
14.131656487391382  -78.31928893107182
9.644334304541937  -761.6066974314142
18.25308237675546  -16.89192780270708
7.396692308251538  -3452.28304886795
13.250553546069199  -115.1384441477481
10.389512885818112  -490.77178402325075
16.00615058579487  -37.13256095391239
18.465657489418938  -15.758691862845934
7.6015690160407905  -2977.0320758238304
6.344422561435707  -7287.450718732091
5.433899025000313  -9542.495081537192
17.381507663771075  -22.652138077438952
19.688788032110782  -10.726291881189562
15.389292326499023  -46.995575439092825
9.119593304208502  -1056.9819355740588
12.06133635777103  -201.97505236116083
9.353376989689947  -911.6223619607811
16.403260262213387  -32.05903661287495
9.455299510934612  -855.5130808138048
20.373945074662092  -8.736436918609666
4.99306065489297  337.5133761087934
16.024548266904013  -36.87773966134643
14.377575041044684  -70.63130826098836
8.740800866330751  -1352.3335998285681
20.571399201793113  -8.245319235830022
7.7826605498187105  -2614.851585048836
15.210823503707338  -50.398246421592276
6.069990597060409  -8592.043301626938
17.912046710808188  -18.91486418556336
23.18429990064708  -4.024133717199678
15.793732953296079  -40.22849992068962
12.164996346105482  -191.9151546076533
12.388628678785482  -172.13117359764132
8.482270945069061  -1607.6617590673914
15.339688479338548  -47.91369058092966
12.946421405292925  -132.2933599849666
23.205714963892795  -4.001905597763551
5.487519386698081  -9791.366390556443
18.745541270809277  -14.399111220850239
16.89863681472727  -26.82121720081891
11.263524595718822  -303.7373166529128
20.62954557827929  -8.10688480245635
5.246886365262137  -7522.423895234143
19.968423043507006  -9.856219161370335
13.002423385197709  -128.92217563082508
17.229466955082092  -23.877534931893962
12.611140452023523  -154.76177466711457
6.5114921012040075  -6518.811252447452
7.385042964909239  -3481.5936930422617
6.118880020041272  -8363.094522469399
11.76159890859434  -234.69881260171144
9.18813659272822  -1011.7847643447428
17.186171127350384  -24.240512555376654
5.291393914630254  -8204.478191009619
12.720147804598161  -147.0016299460766
11.958576244568235  -212.55764291673376
5.487674333309845  -9791.92606895333
15.63863396169798  -42.67986089590246
5.283534352528127  -8094.758970966444
14.615845276421748  -64.00881024597659
10.723335789736845  -406.8314454783584
7.947920590380193  -2325.7759303806843
12.563091228677596  -158.33304337412608
11.055624246109424  -339.35023938077137
15.986578012287167  -37.40591210787328
14.209345122905255  -75.78973974800567
18.02143181768864  -18.236694419883175
12.054634562124528  -202.64626682025997
18.077764606251932  -17.89852297860248
7.721181532586264  -2732.1793711991913
15.96060079245568  -37.77234227806973
9.033713825171448  -1116.8980813904793
5.612342348283182  -9999.999988218677
13.572969786397625  -99.71122499418699
17.116034755996665  -24.842259047126507
15.14024054020404  -51.82264950258112
12.962109109351836  -131.33876035785454
14.659392425424418  -62.87816886448305
19.69814319974657  -10.695771123224535
18.40845874400382  -16.054656939096233
17.266475308936457  -23.572286253263453
6.2954535925737165  -7519.777447900946
21.115217876277818  -7.050664397364397
5.258306126929091  -7711.8922674819905
14.407717787463218  -69.75085889548288
11.948775249336952  -213.60023607796865
12.018494223081495  -206.31088387632673
20.04466264771441  -9.633472826421999
11.033585029309041  -343.4019448403572
15.044614169430716  -53.827979433392024
15.071225657348746  -53.260979664394824
17.798078236564038  -19.652952824576204
19.185696019851868  -12.527908658506584
20.0122803237991  -9.727357991597597
18.392213180538114  -16.139895623627712
17.744023222105163  -20.01474050219406
13.00758058300019  -128.61678345691325
20.36194836183126  -8.767359305004677
9.70915524708731  -732.1739508562705
13.419191259168231  -106.7476432592736
10.645961111650855  -424.70209108138965
20.303859409533008  -8.918905527992091
5.330690104686194  -8690.188877225224
7.350616882387697  -3569.7308447383284
10.21456609281043  -542.6811520270447
5.484452685426889  -9780.11115714816
11.772046233167426  -233.45921900941525
8.614894516448722  -1470.4653640774757
8.567336241429656  -1518.0861739923046
6.154230053711224  -8195.32338925026
5.411526737229037  -9403.09013315283
13.92768594467403  -85.44281639350636
11.51938780309646  -265.69884033051625
8.52490047751182  -1562.0493470836825
6.0064276111962105  -8881.143402514917
5.344470995410221  -8837.339574705991
8.958815996201439  -1172.3272463390206
12.20048981303346  -188.6053570276975
9.976350791008809  -623.8952531629888
9.44961663892408  -858.5353279451756
7.245215954797483  -3854.1283660905997
7.387947071603258  -3474.262614040498
10.917967233265864  -365.598419994937
11.374270066732016  -286.5455713950858
12.645312624240564  -152.27889759001127
7.914293584717806  -2381.639117952014
7.581409426574314  -3020.5649161108972
17.608907696943984  -20.953560782324057
5.258651533874989  -7717.461753824257
14.705393364016569  -61.709011152090376
9.558301908379649  -802.7948192904026
9.919583993427896  -645.2641328710623
16.588733765267826  -29.96917873805858
10.137964721088961  -567.3873750305645
15.116735182142577  -52.307377836662646
12.166540236975061  -191.76978794683615
14.52436557737512  -66.46202671426767
13.090856642868022  -123.80015517486304
13.352502253090453  -109.97780160951221
9.212766431538226  -996.0861126513258
12.649373840355395  -151.9869106490938
12.072013248646655  -200.91104492074618
15.051762280903647  -53.67498946232908
16.331805016216748  -32.909186807758395
15.369246325510742  -47.36411481635528
7.7405139390378785  -2694.682514095291
13.456720591015396  -104.97848584946732
6.245134022785757  -7760.285825488333
10.368885143127532  -496.5840617415056
18.916680842439554  -13.63522407848383
14.391632474915811  -70.21909848431805
9.06631668568604  -1093.7070297022324
20.307131302032726  -8.910288816828825
5.599132471359041  -9997.98230038081
10.591621270971944  -437.7962677510354
12.974444218574074  -130.59379405218525
10.628045947975314  -428.96835348021733
20.908231526580224  -7.479886004364328
9.88129516093284  -660.1536308439511
16.678117355822383  -29.019000604864864
12.434725728708177  -168.3539171404985
10.158955552771635  -560.4903855508074
20.039611102747138  -9.648048812392238
8.7483900117124  -1345.56371491742
15.728914126839456  -41.23245556178119
10.52370924434259  -454.8229569845096
7.858178298401994  -2478.160604276265
8.794275496314139  -1305.4403730807041
15.854604866907145  -39.311537514694706
9.843987565833308  -675.0433671871743
11.203344476534882  -313.58008838285457
15.198406350961323  -50.64549063633534
17.046758864181697  -25.453791654201286
7.829719493182581  -2528.737028215565
12.396963651766708  -171.44095274273468
8.425894155962826  -1670.3000824938683
11.831462272868905  -226.5523402865175
17.086238886299842  -25.103158149540818
17.896300046924605  -19.014893772956434
19.38093668168706  -11.789716969514142
